This is pdfTeX, Version 3.1415926-2.4-1.40.13 (TeX Live 2012) (format=pdflatex 2012.6.30)  18 NOV 2014 13:55
entering extended mode
 restricted \write18 enabled.
 %&-line parsing enabled.
**wap2015.tex -recorder
(./wap2015.tex
LaTeX2e <2011/06/27>
Babel <v3.8m> and hyphenation patterns for english, dumylang, nohyphenation, ge
rman-x-2012-05-30, ngerman-x-2012-05-30, afrikaans, ancientgreek, ibycus, arabi
c, armenian, basque, bulgarian, catalan, pinyin, coptic, croatian, czech, danis
h, dutch, ukenglish, usenglishmax, esperanto, estonian, ethiopic, farsi, finnis
h, french, friulan, galician, german, ngerman, swissgerman, monogreek, greek, h
ungarian, icelandic, assamese, bengali, gujarati, hindi, kannada, malayalam, ma
rathi, oriya, panjabi, tamil, telugu, indonesian, interlingua, irish, italian, 
kurmanji, latin, latvian, lithuanian, mongolian, mongolianlmc, bokmal, nynorsk,
 polish, portuguese, romanian, romansh, russian, sanskrit, serbian, serbianc, s
lovak, slovenian, spanish, swedish, turkish, turkmen, ukrainian, uppersorbian, 
welsh, loaded.
(./IEEEtran.cls
Document Class: IEEEtran 2012/11/21 V1.8c by Harald Hanche-Olsen and Anders Chr
istensen
-- Based on V1.7a by Michael Shell
-- See the "IEEEtran_HOWTO" manual for usage information.
-- http://www.michaelshell.org/tex/ieeetran/
\@IEEEtrantmpdimenA=\dimen102
\@IEEEtrantmpdimenB=\dimen103
\@IEEEtrantmpcountA=\count79
\@IEEEtrantmpcountB=\count80
\@IEEEtrantmptoksA=\toks14
LaTeX Font Info:    Try loading font information for OT1+ptm on input line 373.

(/usr/local/texlive/2012/texmf-dist/tex/latex/psnfss/ot1ptm.fd
File: ot1ptm.fd 2001/06/04 font definitions for OT1/ptm.
)
-- Using 8.5in x 11in (letter) paper.
-- Using PDF output.
\@IEEEnormalsizeunitybaselineskip=\dimen104
-- This is a 10 point document.
\CLASSINFOnormalsizebaselineskip=\dimen105
\CLASSINFOnormalsizeunitybaselineskip=\dimen106
\IEEEnormaljot=\dimen107
LaTeX Font Info:    Font shape `OT1/ptm/bx/n' in size <5> not available
(Font)              Font shape `OT1/ptm/b/n' tried instead on input line 731.
LaTeX Font Info:    Font shape `OT1/ptm/bx/it' in size <5> not available
(Font)              Font shape `OT1/ptm/b/it' tried instead on input line 731.
LaTeX Font Info:    Font shape `OT1/ptm/bx/n' in size <7> not available
(Font)              Font shape `OT1/ptm/b/n' tried instead on input line 731.
LaTeX Font Info:    Font shape `OT1/ptm/bx/it' in size <7> not available
(Font)              Font shape `OT1/ptm/b/it' tried instead on input line 731.
LaTeX Font Info:    Font shape `OT1/ptm/bx/n' in size <8> not available
(Font)              Font shape `OT1/ptm/b/n' tried instead on input line 731.
LaTeX Font Info:    Font shape `OT1/ptm/bx/it' in size <8> not available
(Font)              Font shape `OT1/ptm/b/it' tried instead on input line 731.
LaTeX Font Info:    Font shape `OT1/ptm/bx/n' in size <9> not available
(Font)              Font shape `OT1/ptm/b/n' tried instead on input line 731.
LaTeX Font Info:    Font shape `OT1/ptm/bx/it' in size <9> not available
(Font)              Font shape `OT1/ptm/b/it' tried instead on input line 731.
LaTeX Font Info:    Font shape `OT1/ptm/bx/n' in size <10> not available
(Font)              Font shape `OT1/ptm/b/n' tried instead on input line 731.
LaTeX Font Info:    Font shape `OT1/ptm/bx/it' in size <10> not available
(Font)              Font shape `OT1/ptm/b/it' tried instead on input line 731.
LaTeX Font Info:    Font shape `OT1/ptm/bx/n' in size <11> not available
(Font)              Font shape `OT1/ptm/b/n' tried instead on input line 731.
LaTeX Font Info:    Font shape `OT1/ptm/bx/it' in size <11> not available
(Font)              Font shape `OT1/ptm/b/it' tried instead on input line 731.
LaTeX Font Info:    Font shape `OT1/ptm/bx/n' in size <12> not available
(Font)              Font shape `OT1/ptm/b/n' tried instead on input line 731.
LaTeX Font Info:    Font shape `OT1/ptm/bx/it' in size <12> not available
(Font)              Font shape `OT1/ptm/b/it' tried instead on input line 731.
LaTeX Font Info:    Font shape `OT1/ptm/bx/n' in size <17> not available
(Font)              Font shape `OT1/ptm/b/n' tried instead on input line 731.
LaTeX Font Info:    Font shape `OT1/ptm/bx/it' in size <17> not available
(Font)              Font shape `OT1/ptm/b/it' tried instead on input line 731.
LaTeX Font Info:    Font shape `OT1/ptm/bx/n' in size <20> not available
(Font)              Font shape `OT1/ptm/b/n' tried instead on input line 731.
LaTeX Font Info:    Font shape `OT1/ptm/bx/it' in size <20> not available
(Font)              Font shape `OT1/ptm/b/it' tried instead on input line 731.
LaTeX Font Info:    Font shape `OT1/ptm/bx/n' in size <24> not available
(Font)              Font shape `OT1/ptm/b/n' tried instead on input line 731.
LaTeX Font Info:    Font shape `OT1/ptm/bx/it' in size <24> not available
(Font)              Font shape `OT1/ptm/b/it' tried instead on input line 731.
\IEEEilabelindentA=\dimen108
\IEEEilabelindentB=\dimen109
\IEEEilabelindent=\dimen110
\IEEEelabelindent=\dimen111
\IEEEdlabelindent=\dimen112
\IEEElabelindent=\dimen113
\IEEEiednormlabelsep=\dimen114
\IEEEiedmathlabelsep=\dimen115
\IEEEiedtopsep=\skip41
\c@section=\count81
\c@subsection=\count82
\c@subsubsection=\count83
\c@paragraph=\count84
\c@IEEEsubequation=\count85
\abovecaptionskip=\skip42
\belowcaptionskip=\skip43
\c@figure=\count86
\c@table=\count87
\@IEEEeqnnumcols=\count88
\@IEEEeqncolcnt=\count89
\@IEEEtmpitemindent=\dimen116
\c@IEEEbiography=\count90
\@IEEEtranrubishbin=\box26
) (/usr/local/texlive/2012/texmf-dist/tex/latex/cite/cite.sty
LaTeX Info: Redefining \cite on input line 302.
LaTeX Info: Redefining \nocite on input line 373.
Package: cite 2010/09/10  v 5.3
)
(/usr/local/texlive/2012/texmf-dist/tex/latex/amsmath/amsmath.sty
Package: amsmath 2000/07/18 v2.13 AMS math features
\@mathmargin=\skip44

For additional information on amsmath, use the `?' option.
(/usr/local/texlive/2012/texmf-dist/tex/latex/amsmath/amstext.sty
Package: amstext 2000/06/29 v2.01

(/usr/local/texlive/2012/texmf-dist/tex/latex/amsmath/amsgen.sty
File: amsgen.sty 1999/11/30 v2.0
\@emptytoks=\toks15
\ex@=\dimen117
))
(/usr/local/texlive/2012/texmf-dist/tex/latex/amsmath/amsbsy.sty
Package: amsbsy 1999/11/29 v1.2d
\pmbraise@=\dimen118
)
(/usr/local/texlive/2012/texmf-dist/tex/latex/amsmath/amsopn.sty
Package: amsopn 1999/12/14 v2.01 operator names
)
\inf@bad=\count91
LaTeX Info: Redefining \frac on input line 211.
\uproot@=\count92
\leftroot@=\count93
LaTeX Info: Redefining \overline on input line 307.
\classnum@=\count94
\DOTSCASE@=\count95
LaTeX Info: Redefining \ldots on input line 379.
LaTeX Info: Redefining \dots on input line 382.
LaTeX Info: Redefining \cdots on input line 467.
\Mathstrutbox@=\box27
\strutbox@=\box28
\big@size=\dimen119
LaTeX Font Info:    Redeclaring font encoding OML on input line 567.
LaTeX Font Info:    Redeclaring font encoding OMS on input line 568.
\macc@depth=\count96
\c@MaxMatrixCols=\count97
\dotsspace@=\muskip10
\c@parentequation=\count98
\dspbrk@lvl=\count99
\tag@help=\toks16
\row@=\count100
\column@=\count101
\maxfields@=\count102
\andhelp@=\toks17
\eqnshift@=\dimen120
\alignsep@=\dimen121
\tagshift@=\dimen122
\tagwidth@=\dimen123
\totwidth@=\dimen124
\lineht@=\dimen125
\@envbody=\toks18
\multlinegap=\skip45
\multlinetaggap=\skip46
\mathdisplay@stack=\toks19
LaTeX Info: Redefining \[ on input line 2666.
LaTeX Info: Redefining \] on input line 2667.
)
(/usr/local/texlive/2012/texmf-dist/tex/latex/amsfonts/amssymb.sty
Package: amssymb 2009/06/22 v3.00

(/usr/local/texlive/2012/texmf-dist/tex/latex/amsfonts/amsfonts.sty
Package: amsfonts 2009/06/22 v3.00 Basic AMSFonts support
\symAMSa=\mathgroup4
\symAMSb=\mathgroup5
LaTeX Font Info:    Overwriting math alphabet `\mathfrak' in version `bold'
(Font)                  U/euf/m/n --> U/euf/b/n on input line 96.
))
(/usr/local/texlive/2012/texmf-dist/tex/latex/algorithms/algorithm.sty
Package: algorithm 2009/08/24 v0.1 Document Style `algorithm' - floating enviro
nment

(/usr/local/texlive/2012/texmf-dist/tex/latex/float/float.sty
Package: float 2001/11/08 v1.3d Float enhancements (AL)
\c@float@type=\count103
\float@exts=\toks20
\float@box=\box29
\@float@everytoks=\toks21
\@floatcapt=\box30
)
(/usr/local/texlive/2012/texmf-dist/tex/latex/base/ifthen.sty
Package: ifthen 2001/05/26 v1.1c Standard LaTeX ifthen package (DPC)
)
\@float@every@algorithm=\toks22
\c@algorithm=\count104
)
(/usr/local/texlive/2012/texmf-dist/tex/latex/tools/array.sty
Package: array 2008/09/09 v2.4c Tabular extension package (FMi)
\col@sep=\dimen126
\extrarowheight=\dimen127
\NC@list=\toks23
\extratabsurround=\skip47
\backup@length=\skip48
)
(/usr/local/texlive/2012/texmf-dist/tex/latex/algorithmicx/algpseudocode.sty
Package: algpseudocode 

(/usr/local/texlive/2012/texmf-dist/tex/latex/algorithmicx/algorithmicx.sty
Package: algorithmicx 2005/04/27 v1.2 Algorithmicx

Document Style algorithmicx 1.2 - a greatly improved `algorithmic' style
\c@ALG@line=\count105
\c@ALG@rem=\count106
\c@ALG@nested=\count107
\ALG@tlm=\skip49
\ALG@thistlm=\skip50
\c@ALG@Lnr=\count108
\c@ALG@blocknr=\count109
\c@ALG@storecount=\count110
\c@ALG@tmpcounter=\count111
\ALG@tmplength=\skip51
)
Document Style - pseudocode environments for use with the `algorithmicx' style
) (/usr/local/texlive/2012/texmf-dist/tex/latex/tools/indentfirst.sty
Package: indentfirst 1995/11/23 v1.03 Indent first paragraph (DPC)
)
(/usr/local/texlive/2012/texmf-dist/tex/latex/graphics/graphicx.sty
Package: graphicx 1999/02/16 v1.0f Enhanced LaTeX Graphics (DPC,SPQR)

(/usr/local/texlive/2012/texmf-dist/tex/latex/graphics/keyval.sty
Package: keyval 1999/03/16 v1.13 key=value parser (DPC)
\KV@toks@=\toks24
)
(/usr/local/texlive/2012/texmf-dist/tex/latex/graphics/graphics.sty
Package: graphics 2009/02/05 v1.0o Standard LaTeX Graphics (DPC,SPQR)

(/usr/local/texlive/2012/texmf-dist/tex/latex/graphics/trig.sty
Package: trig 1999/03/16 v1.09 sin cos tan (DPC)
)
(/usr/local/texlive/2012/texmf-dist/tex/latex/latexconfig/graphics.cfg
File: graphics.cfg 2010/04/23 v1.9 graphics configuration of TeX Live
)
Package graphics Info: Driver file: pdftex.def on input line 91.

(/usr/local/texlive/2012/texmf-dist/tex/latex/pdftex-def/pdftex.def
File: pdftex.def 2011/05/27 v0.06d Graphics/color for pdfTeX

(/usr/local/texlive/2012/texmf-dist/tex/generic/oberdiek/infwarerr.sty
Package: infwarerr 2010/04/08 v1.3 Providing info/warning/error messages (HO)
)
(/usr/local/texlive/2012/texmf-dist/tex/generic/oberdiek/ltxcmds.sty
Package: ltxcmds 2011/11/09 v1.22 LaTeX kernel commands for general use (HO)
)
\Gread@gobject=\count112
))
\Gin@req@height=\dimen128
\Gin@req@width=\dimen129
)
(/usr/local/texlive/2012/texmf-dist/tex/latex/subfigure/subfigure.sty
Package: subfigure 2002/03/15 v2.1.5 subfigure package
\subfigtopskip=\skip52
\subfigcapskip=\skip53
\subfigcaptopadj=\dimen130
\subfigbottomskip=\skip54
\subfigcapmargin=\dimen131
\subfiglabelskip=\skip55
\c@subfigure=\count113
\c@lofdepth=\count114
\c@subtable=\count115
\c@lotdepth=\count116

****************************************
* Local config file subfigure.cfg used *
****************************************
(/usr/local/texlive/2012/texmf-dist/tex/latex/subfigure/subfigure.cfg)
\subfig@top=\skip56
\subfig@bottom=\skip57
)

LaTeX Warning: Unused global option(s):
    [compsocconf].

(./wap2015.aux)
\openout1 = `wap2015.aux'.

LaTeX Font Info:    Checking defaults for OML/cmm/m/it on input line 23.
LaTeX Font Info:    ... okay on input line 23.
LaTeX Font Info:    Checking defaults for T1/cmr/m/n on input line 23.
LaTeX Font Info:    ... okay on input line 23.
LaTeX Font Info:    Checking defaults for OT1/cmr/m/n on input line 23.
LaTeX Font Info:    ... okay on input line 23.
LaTeX Font Info:    Checking defaults for OMS/cmsy/m/n on input line 23.
LaTeX Font Info:    ... okay on input line 23.
LaTeX Font Info:    Checking defaults for OMX/cmex/m/n on input line 23.
LaTeX Font Info:    ... okay on input line 23.
LaTeX Font Info:    Checking defaults for U/cmr/m/n on input line 23.
LaTeX Font Info:    ... okay on input line 23.

(/usr/local/texlive/2012/texmf-dist/tex/context/base/supp-pdf.mkii
[Loading MPS to PDF converter (version 2006.09.02).]
\scratchcounter=\count117
\scratchdimen=\dimen132
\scratchbox=\box31
\nofMPsegments=\count118
\nofMParguments=\count119
\everyMPshowfont=\toks25
\MPscratchCnt=\count120
\MPscratchDim=\dimen133
\MPnumerator=\count121
\makeMPintoPDFobject=\count122
\everyMPtoPDFconversion=\toks26
) (/usr/local/texlive/2012/texmf-dist/tex/generic/oberdiek/pdftexcmds.sty
Package: pdftexcmds 2011/11/29 v0.20 Utility functions of pdfTeX for LuaTeX (HO
)

(/usr/local/texlive/2012/texmf-dist/tex/generic/oberdiek/ifluatex.sty
Package: ifluatex 2010/03/01 v1.3 Provides the ifluatex switch (HO)
Package ifluatex Info: LuaTeX not detected.
)
(/usr/local/texlive/2012/texmf-dist/tex/generic/oberdiek/ifpdf.sty
Package: ifpdf 2011/01/30 v2.3 Provides the ifpdf switch (HO)
Package ifpdf Info: pdfTeX in PDF mode is detected.
)
Package pdftexcmds Info: LuaTeX not detected.
Package pdftexcmds Info: \pdf@primitive is available.
Package pdftexcmds Info: \pdf@ifprimitive is available.
Package pdftexcmds Info: \pdfdraftmode found.
)
(/usr/local/texlive/2012/texmf-dist/tex/latex/oberdiek/epstopdf-base.sty
Package: epstopdf-base 2010/02/09 v2.5 Base part for package epstopdf

(/usr/local/texlive/2012/texmf-dist/tex/latex/oberdiek/grfext.sty
Package: grfext 2010/08/19 v1.1 Manage graphics extensions (HO)

(/usr/local/texlive/2012/texmf-dist/tex/generic/oberdiek/kvdefinekeys.sty
Package: kvdefinekeys 2011/04/07 v1.3 Define keys (HO)
))
(/usr/local/texlive/2012/texmf-dist/tex/latex/oberdiek/kvoptions.sty
Package: kvoptions 2011/06/30 v3.11 Key value format for package options (HO)

(/usr/local/texlive/2012/texmf-dist/tex/generic/oberdiek/kvsetkeys.sty
Package: kvsetkeys 2012/04/25 v1.16 Key value parser (HO)

(/usr/local/texlive/2012/texmf-dist/tex/generic/oberdiek/etexcmds.sty
Package: etexcmds 2011/02/16 v1.5 Avoid name clashes with e-TeX commands (HO)
Package etexcmds Info: Could not find \expanded.
(etexcmds)             That can mean that you are not using pdfTeX 1.50 or
(etexcmds)             that some package has redefined \expanded.
(etexcmds)             In the latter case, load this package earlier.
)))
Package grfext Info: Graphics extension search list:
(grfext)             [.png,.pdf,.jpg,.mps,.jpeg,.jbig2,.jb2,.PNG,.PDF,.JPG,.JPE
G,.JBIG2,.JB2,.eps]
(grfext)             \AppendGraphicsExtensions on input line 452.

(/usr/local/texlive/2012/texmf-dist/tex/latex/latexconfig/epstopdf-sys.cfg
File: epstopdf-sys.cfg 2010/07/13 v1.3 Configuration of (r)epstopdf for TeX Liv
e
))
LaTeX Font Info:    Try loading font information for OMS+ptm on input line 44.

(/usr/local/texlive/2012/texmf-dist/tex/latex/psnfss/omsptm.fd
File: omsptm.fd 
)
LaTeX Font Info:    Font shape `OMS/ptm/m/n' in size <10> not available
(Font)              Font shape `OMS/cmsy/m/n' tried instead on input line 44.
LaTeX Font Info:    Try loading font information for U+msa on input line 66.

(/usr/local/texlive/2012/texmf-dist/tex/latex/amsfonts/umsa.fd
File: umsa.fd 2009/06/22 v3.00 AMS symbols A
)
LaTeX Font Info:    Try loading font information for U+msb on input line 66.

(/usr/local/texlive/2012/texmf-dist/tex/latex/amsfonts/umsb.fd
File: umsb.fd 2009/06/22 v3.00 AMS symbols B
) [1{/usr/local/texlive/2012/texmf-var/fonts/map/pdftex/updmap/pdftex.map}


]
Package epstopdf Info: Source file: <./figures/OnlineArithmetic_DataFlow.eps>
(epstopdf)                    date: 2014-10-15 23:03:43
(epstopdf)                    size: 421479 bytes
(epstopdf)             Output file: <./figures/OnlineArithmetic_DataFlow-eps-co
nverted-to.pdf>
(epstopdf)                    date: 2014-11-04 18:10:45
(epstopdf)                    size: 36905 bytes
(epstopdf)             Command: <repstopdf --outfile=./figures/OnlineArithmetic
_DataFlow-eps-converted-to.pdf ./figures/OnlineArithmetic_DataFlow.eps>
(epstopdf)             \includegraphics on input line 90.
Package epstopdf Info: Output file is already uptodate.

<./figures/OnlineArithmetic_DataFlow-eps-converted-to.pdf, id=11, 273.02pt x 10
0.375pt>
File: ./figures/OnlineArithmetic_DataFlow-eps-converted-to.pdf Graphic file (ty
pe pdf)
 <use ./figures/OnlineArithmetic_DataFlow-eps-converted-to.pdf>
Package pdftex.def Info: ./figures/OnlineArithmetic_DataFlow-eps-converted-to.p
df used on input line 90.
(pdftex.def)             Requested size: 220.12093pt x 80.92651pt.


LaTeX Font Warning: Command \footnotesize invalid in math mode on input line 98
.


LaTeX Font Warning: Command \normalsize invalid in math mode on input line 100.


[2 <./figures/OnlineArithmetic_DataFlow-eps-converted-to.pdf>]
Package epstopdf Info: Source file: <./figures/SDAdder.eps>
(epstopdf)                    date: 2014-10-15 23:17:17
(epstopdf)                    size: 363281 bytes
(epstopdf)             Output file: <./figures/SDAdder-eps-converted-to.pdf>
(epstopdf)                    date: 2014-11-04 18:15:21
(epstopdf)                    size: 28371 bytes
(epstopdf)             Command: <repstopdf --outfile=./figures/SDAdder-eps-conv
erted-to.pdf ./figures/SDAdder.eps>
(epstopdf)             \includegraphics on input line 154.
Package epstopdf Info: Output file is already uptodate.

<./figures/SDAdder-eps-converted-to.pdf, id=46, 577.15625pt x 316.18124pt>
File: ./figures/SDAdder-eps-converted-to.pdf Graphic file (type pdf)

<use ./figures/SDAdder-eps-converted-to.pdf>
Package pdftex.def Info: ./figures/SDAdder-eps-converted-to.pdf used on input l
ine 154.
(pdftex.def)             Requested size: 235.84328pt x 129.20093pt.
Package epstopdf Info: Source file: <./figures/exp/max_wl.eps>
(epstopdf)                    date: 2014-11-12 00:59:14
(epstopdf)                    size: 17679 bytes
(epstopdf)             Output file: <./figures/exp/max_wl-eps-converted-to.pdf>

(epstopdf)                    date: 2014-11-12 01:07:09
(epstopdf)                    size: 11324 bytes
(epstopdf)             Command: <repstopdf --outfile=./figures/exp/max_wl-eps-c
onverted-to.pdf ./figures/exp/max_wl.eps>
(epstopdf)             \includegraphics on input line 164.
Package epstopdf Info: Output file is already uptodate.

<./figures/exp/max_wl-eps-converted-to.pdf, id=47, 369.38pt x 285.065pt>
File: ./figures/exp/max_wl-eps-converted-to.pdf Graphic file (type pdf)

<use ./figures/exp/max_wl-eps-converted-to.pdf>
Package pdftex.def Info: ./figures/exp/max_wl-eps-converted-to.pdf used on inpu
t line 164.
(pdftex.def)             Requested size: 262.04987pt x 202.23227pt.

Overfull \hbox (9.0pt too wide) in paragraph at lines 164--166
 [][] 
 []

Package epstopdf Info: Source file: <./figures/exp/area_adders.eps>
(epstopdf)                    date: 2014-11-12 01:01:39
(epstopdf)                    size: 17940 bytes
(epstopdf)             Output file: <./figures/exp/area_adders-eps-converted-to
.pdf>
(epstopdf)                    date: 2014-11-12 01:10:52
(epstopdf)                    size: 11740 bytes
(epstopdf)             Command: <repstopdf --outfile=./figures/exp/area_adders-
eps-converted-to.pdf ./figures/exp/area_adders.eps>
(epstopdf)             \includegraphics on input line 176.
Package epstopdf Info: Output file is already uptodate.
<./figures/exp/area_adders-eps-converted-to.pdf, id=48, 369.38pt x 285.065pt>
File: ./figures/exp/area_adders-eps-converted-to.pdf Graphic file (type pdf)

<use ./figures/exp/area_adders-eps-converted-to.pdf>
Package pdftex.def Info: ./figures/exp/area_adders-eps-converted-to.pdf used on
 input line 176.
(pdftex.def)             Requested size: 262.04987pt x 202.23227pt.

Overfull \hbox (9.0pt too wide) in paragraph at lines 176--177
 [][] 
 []

[3 <./figures/SDAdder-eps-converted-to.pdf> <./figures/exp/max_wl-eps-converted
-to.pdf>]
Package epstopdf Info: Source file: <./figures/exp/Error_LUT35.eps>
(epstopdf)                    date: 2014-11-16 16:27:42
(epstopdf)                    size: 28011 bytes
(epstopdf)             Output file: <./figures/exp/Error_LUT35-eps-converted-to
.pdf>
(epstopdf)                    date: 2014-11-16 16:41:58
(epstopdf)                    size: 13180 bytes
(epstopdf)             Command: <repstopdf --outfile=./figures/exp/Error_LUT35-
eps-converted-to.pdf ./figures/exp/Error_LUT35.eps>
(epstopdf)             \includegraphics on input line 203.
Package epstopdf Info: Output file is already uptodate.

<./figures/exp/Error_LUT35-eps-converted-to.pdf, id=71, 421.575pt x 317.185pt>
File: ./figures/exp/Error_LUT35-eps-converted-to.pdf Graphic file (type pdf)

<use ./figures/exp/Error_LUT35-eps-converted-to.pdf>
Package pdftex.def Info: ./figures/exp/Error_LUT35-eps-converted-to.pdf used on
 input line 203.
(pdftex.def)             Requested size: 262.04987pt x 197.16568pt.
Package epstopdf Info: Source file: <./figures/exp/Error_LUT55.eps>
(epstopdf)                    date: 2014-11-16 11:58:45
(epstopdf)                    size: 26983 bytes
(epstopdf)             Output file: <./figures/exp/Error_LUT55-eps-converted-to
.pdf>
(epstopdf)                    date: 2014-11-16 12:08:54
(epstopdf)                    size: 13302 bytes
(epstopdf)             Command: <repstopdf --outfile=./figures/exp/Error_LUT55-
eps-converted-to.pdf ./figures/exp/Error_LUT55.eps>
(epstopdf)             \includegraphics on input line 211.
Package epstopdf Info: Output file is already uptodate.

<./figures/exp/Error_LUT55-eps-converted-to.pdf, id=72, 421.575pt x 317.185pt>
File: ./figures/exp/Error_LUT55-eps-converted-to.pdf Graphic file (type pdf)

<use ./figures/exp/Error_LUT55-eps-converted-to.pdf>
Package pdftex.def Info: ./figures/exp/Error_LUT55-eps-converted-to.pdf used on
 input line 211.
(pdftex.def)             Requested size: 262.04987pt x 197.16568pt.

Overfull \hbox (12.50006pt too wide) in paragraph at lines 203--212
 [][] 
 []


Overfull \hbox (16.00012pt too wide) in paragraph at lines 203--212
 [] 
 []

Package epstopdf Info: Source file: <./figures/exp/3d_FreqArea.eps>
(epstopdf)                    date: 2014-11-17 22:36:35
(epstopdf)                    size: 238475 bytes
(epstopdf)             Output file: <./figures/exp/3d_FreqArea-eps-converted-to
.pdf>
(epstopdf)                    date: 2014-11-18 00:13:32
(epstopdf)                    size: 54390 bytes
(epstopdf)             Command: <repstopdf --outfile=./figures/exp/3d_FreqArea-
eps-converted-to.pdf ./figures/exp/3d_FreqArea.eps>
(epstopdf)             \includegraphics on input line 225.
Package epstopdf Info: Output file is already uptodate.

<./figures/exp/3d_FreqArea-eps-converted-to.pdf, id=73, 711.65875pt x 427.5975p
t>
File: ./figures/exp/3d_FreqArea-eps-converted-to.pdf Graphic file (type pdf)
 <use ./figures/exp/3d_FreqArea-eps-converted-to.pdf>
Package pdftex.def Info: ./figures/exp/3d_FreqArea-eps-converted-to.pdf used on
 input line 225.
(pdftex.def)             Requested size: 419.28139pt x 251.92148pt.
Package epstopdf Info: Source file: <./figures/exp/3d_ErrorArea.eps>
(epstopdf)                    date: 2014-11-18 00:10:52
(epstopdf)                    size: 58456 bytes
(epstopdf)             Output file: <./figures/exp/3d_ErrorArea-eps-converted-t
o.pdf>
(epstopdf)                    date: 2014-11-18 00:16:34
(epstopdf)                    size: 17529 bytes
(epstopdf)             Command: <repstopdf --outfile=./figures/exp/3d_ErrorArea
-eps-converted-to.pdf ./figures/exp/3d_ErrorArea.eps>
(epstopdf)             \includegraphics on input line 234.
Package epstopdf Info: Output file is already uptodate.

<./figures/exp/3d_ErrorArea-eps-converted-to.pdf, id=74, 712.6625pt x 428.60126
pt>
File: ./figures/exp/3d_ErrorArea-eps-converted-to.pdf Graphic file (type pdf)
 <use ./figures/exp/3d_ErrorArea-eps-converted-to.pdf>
Package pdftex.def Info: ./figures/exp/3d_ErrorArea-eps-converted-to.pdf used o
n input line 234.
(pdftex.def)             Requested size: 419.28139pt x 252.1597pt.
 (./wap2015.bbl
[4 <./figures/exp/area_adders-eps-converted-to.pdf> <./figures/exp/Error_LUT35-
eps-converted-to.pdf> <./figures/exp/Error_LUT55-eps-converted-to.pdf>]
[5 <./figures/exp/3d_FreqArea-eps-converted-to.pdf> <./figures/exp/3d_ErrorArea
-eps-converted-to.pdf>])

** Conference Paper **
Before submitting the final camera ready copy, remember to:

 1. Manually equalize the lengths of two columns on the last page
 of your paper;

 2. Ensure that any PostScript and/or PDF output post-processing
 uses only Type 1 fonts and that every step in the generation
 process uses the appropriate paper size.

[6

] (./wap2015.aux) ) 
Here is how much of TeX's memory you used:
 4051 strings out of 493488
 60171 string characters out of 3141326
 124880 words of memory out of 3000000
 7274 multiletter control sequences out of 15000+200000
 38942 words of font info for 83 fonts, out of 3000000 for 9000
 957 hyphenation exceptions out of 8191
 38i,17n,24p,1773b,300s stack positions out of 5000i,500n,10000p,200000b,50000s
{/usr/local/texlive/2012/texmf-dist/fonts/enc/dvips/base/8r.
enc}</usr/local/texlive/2012/texmf-dist/fonts/type1/public/amsfonts/cm/cmex10.p
fb></usr/local/texlive/2012/texmf-dist/fonts/type1/public/amsfonts/cm/cmmi10.pf
b></usr/local/texlive/2012/texmf-dist/fonts/type1/public/amsfonts/cm/cmmi7.pfb>
</usr/local/texlive/2012/texmf-dist/fonts/type1/public/amsfonts/cm/cmmi8.pfb></
usr/local/texlive/2012/texmf-dist/fonts/type1/public/amsfonts/cm/cmr10.pfb></us
r/local/texlive/2012/texmf-dist/fonts/type1/public/amsfonts/cm/cmr7.pfb></usr/l
ocal/texlive/2012/texmf-dist/fonts/type1/public/amsfonts/cm/cmsy10.pfb></usr/lo
cal/texlive/2012/texmf-dist/fonts/type1/public/amsfonts/cm/cmsy7.pfb></usr/loca
l/texlive/2012/texmf-dist/fonts/type1/public/amsfonts/symbols/msam10.pfb></usr/
local/texlive/2012/texmf-dist/fonts/type1/urw/times/utmb8a.pfb></usr/local/texl
ive/2012/texmf-dist/fonts/type1/urw/times/utmbi8a.pfb></usr/local/texlive/2012/
texmf-dist/fonts/type1/urw/times/utmr8a.pfb></usr/local/texlive/2012/texmf-dist
/fonts/type1/urw/times/utmri8a.pfb>
Output written on wap2015.pdf (6 pages, 313654 bytes).
PDF statistics:
 157 PDF objects out of 1000 (max. 8388607)
 106 compressed objects within 2 object streams
 0 named destinations out of 1000 (max. 500000)
 41 words of extra memory for PDF output out of 10000 (max. 10000000)

