This is pdfTeX, Version 3.1415926-2.3-1.40.12 (MiKTeX 2.9) (preloaded format=pdflatex 2011.12.22)  10 APR 2013 20:50
entering extended mode
**F:/Git/Latex/TCAD2013/overclocking_tcad.tex
(F:/Git/Latex/TCAD2013/overclocking_tcad.tex
LaTeX2e <2011/06/27>
Babel <v3.8m> and hyphenation patterns for english, afrikaans, ancientgreek, ar
abic, armenian, assamese, basque, bengali, bokmal, bulgarian, catalan, coptic, 
croatian, czech, danish, dutch, esperanto, estonian, farsi, finnish, french, ga
lician, german, german-x-2009-06-19, greek, gujarati, hindi, hungarian, iceland
ic, indonesian, interlingua, irish, italian, kannada, kurmanji, lao, latin, lat
vian, lithuanian, malayalam, marathi, mongolian, mongolianlmc, monogreek, ngerm
an, ngerman-x-2009-06-19, nynorsk, oriya, panjabi, pinyin, polish, portuguese, 
romanian, russian, sanskrit, serbian, slovak, slovenian, spanish, swedish, swis
sgerman, tamil, telugu, turkish, turkmen, ukenglish, ukrainian, uppersorbian, u
senglishmax, welsh, loaded.
(F:\Git\Latex\TCAD2013\IEEEtran.cls
Document Class: IEEEtran 2012/12/27 V1.8 by Michael Shell
-- See the "IEEEtran_HOWTO" manual for usage information.
-- http://www.michaelshell.org/tex/ieeetran/
\@IEEEtrantmpdimenA=\dimen102
\@IEEEtrantmpdimenB=\dimen103
\@IEEEtrantmpcountA=\count79
\@IEEEtrantmpcountB=\count80
\@IEEEtrantmptoksA=\toks14
LaTeX Font Info:    Try loading font information for OT1+ptm on input line 368.

("E:\Program Files (x86)\MiKTeX 2.9\tex\latex\psnfss\ot1ptm.fd"
File: ot1ptm.fd 2001/06/04 font definitions for OT1/ptm.
)
-- Using 8.5in x 11in (letter) paper.
-- Using PDF output.
\@IEEEnormalsizeunitybaselineskip=\dimen104
-- This is a 10 point document.
\CLASSINFOnormalsizebaselineskip=\dimen105
\CLASSINFOnormalsizeunitybaselineskip=\dimen106
\IEEEnormaljot=\dimen107
LaTeX Font Info:    Font shape `OT1/ptm/bx/n' in size <5> not available
(Font)              Font shape `OT1/ptm/b/n' tried instead on input line 726.
LaTeX Font Info:    Font shape `OT1/ptm/bx/it' in size <5> not available
(Font)              Font shape `OT1/ptm/b/it' tried instead on input line 726.
LaTeX Font Info:    Font shape `OT1/ptm/bx/n' in size <7> not available
(Font)              Font shape `OT1/ptm/b/n' tried instead on input line 726.
LaTeX Font Info:    Font shape `OT1/ptm/bx/it' in size <7> not available
(Font)              Font shape `OT1/ptm/b/it' tried instead on input line 726.
LaTeX Font Info:    Font shape `OT1/ptm/bx/n' in size <8> not available
(Font)              Font shape `OT1/ptm/b/n' tried instead on input line 726.
LaTeX Font Info:    Font shape `OT1/ptm/bx/it' in size <8> not available
(Font)              Font shape `OT1/ptm/b/it' tried instead on input line 726.
LaTeX Font Info:    Font shape `OT1/ptm/bx/n' in size <9> not available
(Font)              Font shape `OT1/ptm/b/n' tried instead on input line 726.
LaTeX Font Info:    Font shape `OT1/ptm/bx/it' in size <9> not available
(Font)              Font shape `OT1/ptm/b/it' tried instead on input line 726.
LaTeX Font Info:    Font shape `OT1/ptm/bx/n' in size <10> not available
(Font)              Font shape `OT1/ptm/b/n' tried instead on input line 726.
LaTeX Font Info:    Font shape `OT1/ptm/bx/it' in size <10> not available
(Font)              Font shape `OT1/ptm/b/it' tried instead on input line 726.
LaTeX Font Info:    Font shape `OT1/ptm/bx/n' in size <11> not available
(Font)              Font shape `OT1/ptm/b/n' tried instead on input line 726.
LaTeX Font Info:    Font shape `OT1/ptm/bx/it' in size <11> not available
(Font)              Font shape `OT1/ptm/b/it' tried instead on input line 726.
LaTeX Font Info:    Font shape `OT1/ptm/bx/n' in size <12> not available
(Font)              Font shape `OT1/ptm/b/n' tried instead on input line 726.
LaTeX Font Info:    Font shape `OT1/ptm/bx/it' in size <12> not available
(Font)              Font shape `OT1/ptm/b/it' tried instead on input line 726.
LaTeX Font Info:    Font shape `OT1/ptm/bx/n' in size <17> not available
(Font)              Font shape `OT1/ptm/b/n' tried instead on input line 726.
LaTeX Font Info:    Font shape `OT1/ptm/bx/it' in size <17> not available
(Font)              Font shape `OT1/ptm/b/it' tried instead on input line 726.
LaTeX Font Info:    Font shape `OT1/ptm/bx/n' in size <20> not available
(Font)              Font shape `OT1/ptm/b/n' tried instead on input line 726.
LaTeX Font Info:    Font shape `OT1/ptm/bx/it' in size <20> not available
(Font)              Font shape `OT1/ptm/b/it' tried instead on input line 726.
LaTeX Font Info:    Font shape `OT1/ptm/bx/n' in size <24> not available
(Font)              Font shape `OT1/ptm/b/n' tried instead on input line 726.
LaTeX Font Info:    Font shape `OT1/ptm/bx/it' in size <24> not available
(Font)              Font shape `OT1/ptm/b/it' tried instead on input line 726.
\IEEEilabelindentA=\dimen108
\IEEEilabelindentB=\dimen109
\IEEEilabelindent=\dimen110
\IEEEelabelindent=\dimen111
\IEEEdlabelindent=\dimen112
\IEEElabelindent=\dimen113
\IEEEiednormlabelsep=\dimen114
\IEEEiedmathlabelsep=\dimen115
\IEEEiedtopsep=\skip41
\c@section=\count81
\c@subsection=\count82
\c@subsubsection=\count83
\c@paragraph=\count84
\c@IEEEsubequation=\count85
\abovecaptionskip=\skip42
\belowcaptionskip=\skip43
\c@figure=\count86
\c@table=\count87
\@IEEEeqnnumcols=\count88
\@IEEEeqncolcnt=\count89
\@IEEEsubeqnnumrollback=\count90
\@IEEEtmpitemindent=\dimen116
\c@IEEEbiography=\count91
\@IEEEtranrubishbin=\box26
) ("E:\Program Files (x86)\MiKTeX 2.9\tex\latex\cite\cite.sty"
LaTeX Info: Redefining \cite on input line 302.
LaTeX Info: Redefining \nocite on input line 373.
Package: cite 2010/09/10  v 5.3
)
("E:\Program Files (x86)\MiKTeX 2.9\tex\latex\graphics\graphicx.sty"
Package: graphicx 1999/02/16 v1.0f Enhanced LaTeX Graphics (DPC,SPQR)

("E:\Program Files (x86)\MiKTeX 2.9\tex\latex\graphics\keyval.sty"
Package: keyval 1999/03/16 v1.13 key=value parser (DPC)
\KV@toks@=\toks15
)
("E:\Program Files (x86)\MiKTeX 2.9\tex\latex\graphics\graphics.sty"
Package: graphics 2009/02/05 v1.0o Standard LaTeX Graphics (DPC,SPQR)

("E:\Program Files (x86)\MiKTeX 2.9\tex\latex\graphics\trig.sty"
Package: trig 1999/03/16 v1.09 sin cos tan (DPC)
)
("E:\Program Files (x86)\MiKTeX 2.9\tex\latex\00miktex\graphics.cfg"
File: graphics.cfg 2007/01/18 v1.5 graphics configuration of teTeX/TeXLive
)
Package graphics Info: Driver file: pdftex.def on input line 91.

("E:\Program Files (x86)\MiKTeX 2.9\tex\latex\pdftex-def\pdftex.def"
File: pdftex.def 2011/05/27 v0.06d Graphics/color for pdfTeX

("E:\Program Files (x86)\MiKTeX 2.9\tex\generic\oberdiek\infwarerr.sty"
Package: infwarerr 2010/04/08 v1.3 Providing info/warning/message (HO)
)
("E:\Program Files (x86)\MiKTeX 2.9\tex\generic\oberdiek\ltxcmds.sty"
Package: ltxcmds 2011/04/18 v1.20 LaTeX kernel commands for general use (HO)
)
\Gread@gobject=\count92
))
\Gin@req@height=\dimen117
\Gin@req@width=\dimen118
)
("E:\Program Files (x86)\MiKTeX 2.9\tex\latex\oberdiek\epstopdf.sty"
Package: epstopdf 2010/02/09 v2.5 Conversion with epstopdf on the fly (HO)

("E:\Program Files (x86)\MiKTeX 2.9\tex\latex\oberdiek\epstopdf-base.sty"
Package: epstopdf-base 2010/02/09 v2.5 Base part for package epstopdf

("E:\Program Files (x86)\MiKTeX 2.9\tex\latex\oberdiek\grfext.sty"
Package: grfext 2010/08/19 v1.1 Managing graphics extensions (HO)

("E:\Program Files (x86)\MiKTeX 2.9\tex\generic\oberdiek\kvdefinekeys.sty"
Package: kvdefinekeys 2011/04/07 v1.3 Defining keys (HO)
))
("E:\Program Files (x86)\MiKTeX 2.9\tex\latex\oberdiek\kvoptions.sty"
Package: kvoptions 2010/12/23 v3.10 Keyval support for LaTeX options (HO)

("E:\Program Files (x86)\MiKTeX 2.9\tex\generic\oberdiek\kvsetkeys.sty"
Package: kvsetkeys 2011/04/07 v1.13 Key value parser (HO)

("E:\Program Files (x86)\MiKTeX 2.9\tex\generic\oberdiek\etexcmds.sty"
Package: etexcmds 2011/02/16 v1.5 Prefix for e-TeX command names (HO)

("E:\Program Files (x86)\MiKTeX 2.9\tex\generic\oberdiek\ifluatex.sty"
Package: ifluatex 2010/03/01 v1.3 Provides the ifluatex switch (HO)
Package ifluatex Info: LuaTeX not detected.
)
Package etexcmds Info: Could not find \expanded.
(etexcmds)             That can mean that you are not using pdfTeX 1.50 or
(etexcmds)             that some package has redefined \expanded.
(etexcmds)             In the latter case, load this package earlier.
)))
("E:\Program Files (x86)\MiKTeX 2.9\tex\generic\oberdiek\pdftexcmds.sty"
Package: pdftexcmds 2011/04/22 v0.16 Utilities of pdfTeX for LuaTeX (HO)

("E:\Program Files (x86)\MiKTeX 2.9\tex\generic\oberdiek\ifpdf.sty"
Package: ifpdf 2011/01/30 v2.3 Provides the ifpdf switch (HO)
Package ifpdf Info: pdfTeX in PDF mode is detected.
)
Package pdftexcmds Info: LuaTeX not detected.
Package pdftexcmds Info: \pdf@primitive is available.
Package pdftexcmds Info: \pdf@ifprimitive is available.
Package pdftexcmds Info: \pdfdraftmode found.
)
Package grfext Info: Graphics extension search list:
(grfext)             [.png,.pdf,.jpg,.mps,.jpeg,.jbig2,.jb2,.PNG,.PDF,.JPG,.JPE
G,.JBIG2,.JB2,.eps]
(grfext)             \AppendGraphicsExtensions on input line 452.
))
("E:\Program Files (x86)\MiKTeX 2.9\tex\latex\multirow\multirow.sty"
\bigstrutjot=\dimen119
)
("E:\Program Files (x86)\MiKTeX 2.9\tex\latex\amsfonts\amssymb.sty"
Package: amssymb 2009/06/22 v3.00

("E:\Program Files (x86)\MiKTeX 2.9\tex\latex\amsfonts\amsfonts.sty"
Package: amsfonts 2009/06/22 v3.00 Basic AMSFonts support
\@emptytoks=\toks16
\symAMSa=\mathgroup4
\symAMSb=\mathgroup5
LaTeX Font Info:    Overwriting math alphabet `\mathfrak' in version `bold'
(Font)                  U/euf/m/n --> U/euf/b/n on input line 96.
))
("E:\Program Files (x86)\MiKTeX 2.9\tex\latex\ams\math\amsmath.sty"
Package: amsmath 2000/07/18 v2.13 AMS math features
\@mathmargin=\skip44

For additional information on amsmath, use the `?' option.
("E:\Program Files (x86)\MiKTeX 2.9\tex\latex\ams\math\amstext.sty"
Package: amstext 2000/06/29 v2.01

("E:\Program Files (x86)\MiKTeX 2.9\tex\latex\ams\math\amsgen.sty"
File: amsgen.sty 1999/11/30 v2.0
\@emptytoks=\toks17
\ex@=\dimen120
))
("E:\Program Files (x86)\MiKTeX 2.9\tex\latex\ams\math\amsbsy.sty"
Package: amsbsy 1999/11/29 v1.2d
\pmbraise@=\dimen121
)
("E:\Program Files (x86)\MiKTeX 2.9\tex\latex\ams\math\amsopn.sty"
Package: amsopn 1999/12/14 v2.01 operator names
)
\inf@bad=\count93
LaTeX Info: Redefining \frac on input line 211.
\uproot@=\count94
\leftroot@=\count95
LaTeX Info: Redefining \overline on input line 307.
\classnum@=\count96
\DOTSCASE@=\count97
LaTeX Info: Redefining \ldots on input line 379.
LaTeX Info: Redefining \dots on input line 382.
LaTeX Info: Redefining \cdots on input line 467.
\Mathstrutbox@=\box27
\strutbox@=\box28
\big@size=\dimen122
LaTeX Font Info:    Redeclaring font encoding OML on input line 567.
LaTeX Font Info:    Redeclaring font encoding OMS on input line 568.
\macc@depth=\count98
\c@MaxMatrixCols=\count99
\dotsspace@=\muskip10
\c@parentequation=\count100
\dspbrk@lvl=\count101
\tag@help=\toks18
\row@=\count102
\column@=\count103
\maxfields@=\count104
\andhelp@=\toks19
\eqnshift@=\dimen123
\alignsep@=\dimen124
\tagshift@=\dimen125
\tagwidth@=\dimen126
\totwidth@=\dimen127
\lineht@=\dimen128
\@envbody=\toks20
\multlinegap=\skip45
\multlinetaggap=\skip46
\mathdisplay@stack=\toks21
LaTeX Info: Redefining \[ on input line 2666.
LaTeX Info: Redefining \] on input line 2667.
)
("E:\Program Files (x86)\MiKTeX 2.9\tex\latex\subfigure\subfigure.sty"
Package: subfigure 2002/07/30 v2.1.4 subfigure package
\subfigtopskip=\skip47
\subfigcapskip=\skip48
\subfigcaptopadj=\dimen129
\subfigbottomskip=\skip49
\subfigcapmargin=\dimen130
\subfiglabelskip=\skip50
\c@subfigure=\count105
\c@lofdepth=\count106
\c@subtable=\count107
\c@lotdepth=\count108

****************************************
* Local config file subfigure.cfg used *
****************************************
("E:\Program Files (x86)\MiKTeX 2.9\tex\latex\subfigure\subfigure.cfg")
\subfig@top=\skip51
\subfig@bottom=\skip52
)
("E:\Program Files (x86)\MiKTeX 2.9\tex\latex\sttools\stfloats.sty"
Package: stfloats 1999/10/22
\@dblbotnum=\count109
\c@dblbotnumber=\count110
)
("E:\Program Files (x86)\MiKTeX 2.9\tex\latex\threeparttable\threeparttable.sty
"
Package: threeparttable 2003/06/13  v 3.0
\@tempboxb=\box29
) (F:\Git\Latex\TCAD2013\overclocking_tcad.aux

LaTeX Warning: Label `MRE' multiply defined.

)
LaTeX Font Info:    Checking defaults for OML/cmm/m/it on input line 50.
LaTeX Font Info:    ... okay on input line 50.
LaTeX Font Info:    Checking defaults for T1/cmr/m/n on input line 50.
LaTeX Font Info:    ... okay on input line 50.
LaTeX Font Info:    Checking defaults for OT1/cmr/m/n on input line 50.
LaTeX Font Info:    ... okay on input line 50.
LaTeX Font Info:    Checking defaults for OMS/cmsy/m/n on input line 50.
LaTeX Font Info:    ... okay on input line 50.
LaTeX Font Info:    Checking defaults for OMX/cmex/m/n on input line 50.
LaTeX Font Info:    ... okay on input line 50.
LaTeX Font Info:    Checking defaults for U/cmr/m/n on input line 50.
LaTeX Font Info:    ... okay on input line 50.
 ("E:\Program Files (x86)\MiKTeX 2.9\tex\context\base\supp-pdf.mkii"
[Loading MPS to PDF converter (version 2006.09.02).]
\scratchcounter=\count111
\scratchdimen=\dimen131
\scratchbox=\box30
\nofMPsegments=\count112
\nofMParguments=\count113
\everyMPshowfont=\toks22
\MPscratchCnt=\count114
\MPscratchDim=\dimen132
\MPnumerator=\count115
\makeMPintoPDFobject=\count116
\everyMPtoPDFconversion=\toks23
)
LaTeX Font Info:    Try loading font information for OMS+ptm on input line 88.
 ("E:\Program Files (x86)\MiKTeX 2.9\tex\latex\psnfss\omsptm.fd"
File: omsptm.fd 
)
LaTeX Font Info:    Font shape `OMS/ptm/m/n' in size <8> not available
(Font)              Font shape `OMS/cmsy/m/n' tried instead on input line 88.

Underfull \hbox (badness 3088) in paragraph at lines 88--88
[][][]\OT1/ptm/m/n/8 K. Shi, D. Boland and G. A. Con-stan-tinides are with the 
De-
 []


Underfull \hbox (badness 4205) in paragraph at lines 88--88
\OT1/ptm/m/n/8 part-ment of Elec-tri-cal and Elec-tronic En-gi-neer-ing, Im-pe-
rial Col-lege
 []


Underfull \hbox (badness 3612) in paragraph at lines 88--88
\OT1/ptm/m/n/8 Lon-don, Lon-don, SW7 2BT, U.K. (email: \OMS/cmsy/m/n/8 f\OT1/pt
m/m/n/8 k.shi11, david.boland03,
 []

LaTeX Font Info:    Try loading font information for U+msa on input line 130.
("E:\Program Files (x86)\MiKTeX 2.9\tex\latex\amsfonts\umsa.fd"
File: umsa.fd 2009/06/22 v3.00 AMS symbols A
)
LaTeX Font Info:    Try loading font information for U+msb on input line 130.

("E:\Program Files (x86)\MiKTeX 2.9\tex\latex\amsfonts\umsb.fd"
File: umsb.fd 2009/06/22 v3.00 AMS symbols B
)
Package epstopdf Info: Source file: <./Figures/FastCarryLogic3.eps>
(epstopdf)                    date: 2013-04-04 11:59:50
(epstopdf)                    size: 219002 bytes
(epstopdf)             Output file: <./Figures/FastCarryLogic3-eps-converted-to
.pdf>
(epstopdf)                    date: 2013-04-04 11:59:50
(epstopdf)                    size: 29418 bytes
(epstopdf)             Command: <epstopdf --outfile=./Figures/FastCarryLogic3-e
ps-converted-to.pdf ./Figures/FastCarryLogic3.eps>
(epstopdf)             \includegraphics on input line 157.
Package epstopdf Info: Output file is already uptodate.

<./Figures/FastCarryLogic3-eps-converted-to.pdf, id=1, 360.34625pt x 428.60126p
t>
File: ./Figures/FastCarryLogic3-eps-converted-to.pdf Graphic file (type pdf)
 <use ./Figures/FastCarryLogic3-eps-converted-to.pdf>
Package pdftex.def Info: ./Figures/FastCarryLogic3-eps-converted-to.pdf used on
 input line 157.
(pdftex.def)             Requested size: 216.81pt x 257.87558pt.
 [1{C:/ProgramData/MiKTeX/2.9/pdftex/config/pdftex.map}


 <F:/Git/Latex/TCAD2013/Figures/FastCarryLogic3-eps-converted-to.pdf>]

Package amsmath Warning: Cannot use `split' here;
(amsmath)                trying to recover with `aligned' on input line 182.


Package amsmath Warning: Cannot use `split' here;
(amsmath)                trying to recover with `aligned' on input line 257.

[2] <./Figures/CSA_structure.pdf, id=35, 382.07915pt x 195.97205pt>
File: ./Figures/CSA_structure.pdf Graphic file (type pdf)

<use ./Figures/CSA_structure.pdf>
Package pdftex.def Info: ./Figures/CSA_structure.pdf used on input line 362.
(pdftex.def)             Requested size: 252.84283pt x 129.68283pt.

<./Figures/CSA_SingleStage.pdf, id=36, 267.24844pt x 249.18094pt>
File: ./Figures/CSA_SingleStage.pdf Graphic file (type pdf)

<use ./Figures/CSA_SingleStage.pdf>
Package pdftex.def Info: ./Figures/CSA_SingleStage.pdf used on input line 367.
(pdftex.def)             Requested size: 173.44756pt x 161.72614pt.

Overfull \hbox (7.00012pt too wide) in paragraph at lines 362--368
 [][] 
 []


Overfull \hbox (0.84283pt too wide) in paragraph at lines 357--370
 [][] 
 []


Package amsmath Warning: Cannot use `split' here;
(amsmath)                trying to recover with `aligned' on input line 418.

Package epstopdf Info: Source file: <./Figures/Model.eps>
(epstopdf)                    date: 2013-04-05 00:11:03
(epstopdf)                    size: 13468 bytes
(epstopdf)             Output file: <./Figures/Model-eps-converted-to.pdf>
(epstopdf)                    date: 2013-04-05 11:03:51
(epstopdf)                    size: 4704 bytes
(epstopdf)             Command: <epstopdf --outfile=./Figures/Model-eps-convert
ed-to.pdf ./Figures/Model.eps>
(epstopdf)             \includegraphics on input line 455.
Package epstopdf Info: Output file is already uptodate.
<./Figures/Model-eps-converted-to.pdf, id=37, 421.575pt x 317.185pt>
File: ./Figures/Model-eps-converted-to.pdf Graphic file (type pdf)

<use ./Figures/Model-eps-converted-to.pdf>
Package pdftex.def Info: ./Figures/Model-eps-converted-to.pdf used on input lin
e 455.
(pdftex.def)             Requested size: 216.81pt x 163.12703pt.
 [3 <F:/Git/Latex/TCAD2013/Figures/CSA_structure.pdf> <F:/Git/Latex/TCAD2013/Fi
gures/CSA_SingleStage.pdf>]
Package epstopdf Info: Source file: <./Figures/CSA3stage_Timing.eps>
(epstopdf)                    date: 2013-04-04 11:58:44
(epstopdf)                    size: 14739 bytes
(epstopdf)             Output file: <./Figures/CSA3stage_Timing-eps-converted-t
o.pdf>
(epstopdf)                    date: 2013-04-04 11:58:44
(epstopdf)                    size: 6999 bytes
(epstopdf)             Command: <epstopdf --outfile=./Figures/CSA3stage_Timing-
eps-converted-to.pdf ./Figures/CSA3stage_Timing.eps>
(epstopdf)             \includegraphics on input line 468.
Package epstopdf Info: Output file is already uptodate.

<./Figures/CSA3stage_Timing-eps-converted-to.pdf, id=74, 421.575pt x 317.185pt>
File: ./Figures/CSA3stage_Timing-eps-converted-to.pdf Graphic file (type pdf)
<use ./Figures/CSA3stage_Timing-eps-converted-to.pdf>
Package pdftex.def Info: ./Figures/CSA3stage_Timing-eps-converted-to.pdf used o
n input line 468.
(pdftex.def)             Requested size: 238.49121pt x 179.43732pt.
Package epstopdf Info: Source file: <./Figures/CSA3stage_Area.eps>
(epstopdf)                    date: 2013-04-04 11:58:44
(epstopdf)                    size: 14844 bytes
(epstopdf)             Output file: <./Figures/CSA3stage_Area-eps-converted-to.
pdf>
(epstopdf)                    date: 2013-04-04 11:58:44
(epstopdf)                    size: 6947 bytes
(epstopdf)             Command: <epstopdf --outfile=./Figures/CSA3stage_Area-ep
s-converted-to.pdf ./Figures/CSA3stage_Area.eps>
(epstopdf)             \includegraphics on input line 472.
Package epstopdf Info: Output file is already uptodate.

<./Figures/CSA3stage_Area-eps-converted-to.pdf, id=75, 421.575pt x 317.185pt>
File: ./Figures/CSA3stage_Area-eps-converted-to.pdf Graphic file (type pdf)

<use ./Figures/CSA3stage_Area-eps-converted-to.pdf>
Package pdftex.def Info: ./Figures/CSA3stage_Area-eps-converted-to.pdf used on 
input line 472.
(pdftex.def)             Requested size: 238.49121pt x 179.43732pt.
 [4 <F:/Git/Latex/TCAD2013/Figures/Model-eps-converted-to.pdf> <F:/Git/Latex/TC
AD2013/Figures/CSA3stage_Timing-eps-converted-to.pdf> <F:/Git/Latex/TCAD2013/Fi
gures/CSA3stage_Area-eps-converted-to.pdf>]
Package epstopdf Info: Source file: <./Figures/Error_LUT25.eps>
(epstopdf)                    date: 2013-04-04 11:58:44
(epstopdf)                    size: 28432 bytes
(epstopdf)             Output file: <./Figures/Error_LUT25-eps-converted-to.pdf
>
(epstopdf)                    date: 2013-04-04 11:58:44
(epstopdf)                    size: 8397 bytes
(epstopdf)             Command: <epstopdf --outfile=./Figures/Error_LUT25-eps-c
onverted-to.pdf ./Figures/Error_LUT25.eps>
(epstopdf)             \includegraphics on input line 497.
Package epstopdf Info: Output file is already uptodate.

<./Figures/Error_LUT25-eps-converted-to.pdf, id=91, 421.575pt x 317.185pt>
File: ./Figures/Error_LUT25-eps-converted-to.pdf Graphic file (type pdf)

<use ./Figures/Error_LUT25-eps-converted-to.pdf>
Package pdftex.def Info: ./Figures/Error_LUT25-eps-converted-to.pdf used on inp
ut line 497.
(pdftex.def)             Requested size: 238.49121pt x 179.43732pt.
Package epstopdf Info: Source file: <./Figures/Tradeoff.eps>
(epstopdf)                    date: 2013-04-04 11:58:44
(epstopdf)                    size: 107239 bytes
(epstopdf)             Output file: <./Figures/Tradeoff-eps-converted-to.pdf>
(epstopdf)                    date: 2013-04-04 11:58:44
(epstopdf)                    size: 22811 bytes
(epstopdf)             Command: <epstopdf --outfile=./Figures/Tradeoff-eps-conv
erted-to.pdf ./Figures/Tradeoff.eps>
(epstopdf)             \includegraphics on input line 507.
Package epstopdf Info: Output file is already uptodate.

<./Figures/Tradeoff-eps-converted-to.pdf, id=92, 418.56375pt x 314.17375pt>
File: ./Figures/Tradeoff-eps-converted-to.pdf Graphic file (type pdf)

<use ./Figures/Tradeoff-eps-converted-to.pdf>
Package pdftex.def Info: ./Figures/Tradeoff-eps-converted-to.pdf used on input 
line 507.
(pdftex.def)             Requested size: 252.94499pt x 189.85757pt.

Overfull \hbox (0.94499pt too wide) in paragraph at lines 507--508
 [][] 
 []

Package epstopdf Info: Source file: <./Figures/Tradeoff_Error.eps>
(epstopdf)                    date: 2013-04-06 05:15:53
(epstopdf)                    size: 45485 bytes
(epstopdf)             Output file: <./Figures/Tradeoff_Error-eps-converted-to.
pdf>
(epstopdf)                    date: 2013-04-07 11:27:49
(epstopdf)                    size: 10641 bytes
(epstopdf)             Command: <epstopdf --outfile=./Figures/Tradeoff_Error-ep
s-converted-to.pdf ./Figures/Tradeoff_Error.eps>
(epstopdf)             \includegraphics on input line 522.
Package epstopdf Info: Output file is already uptodate.

<./Figures/Tradeoff_Error-eps-converted-to.pdf, id=93, 499.8675pt x 379.4175pt>
File: ./Figures/Tradeoff_Error-eps-converted-to.pdf Graphic file (type pdf)
<use ./Figures/Tradeoff_Error-eps-converted-to.pdf>
Package pdftex.def Info: ./Figures/Tradeoff_Error-eps-converted-to.pdf used on 
input line 522.
(pdftex.def)             Requested size: 252.94499pt x 191.9951pt.

Overfull \hbox (0.94499pt too wide) in paragraph at lines 522--523
 [][] 
 []

[5 <F:/Git/Latex/TCAD2013/Figures/Error_LUT25-eps-converted-to.pdf> <F:/Git/Lat
ex/TCAD2013/Figures/Tradeoff-eps-converted-to.pdf> <F:/Git/Latex/TCAD2013/Figur
es/Tradeoff_Error-eps-converted-to.pdf>]
Package epstopdf Info: Source file: <./Figures/CCM_DataFlow3.eps>
(epstopdf)                    date: 2013-04-04 11:59:50
(epstopdf)                    size: 227941 bytes
(epstopdf)             Output file: <./Figures/CCM_DataFlow3-eps-converted-to.p
df>
(epstopdf)                    date: 2013-04-04 11:59:50
(epstopdf)                    size: 67465 bytes
(epstopdf)             Command: <epstopdf --outfile=./Figures/CCM_DataFlow3-eps
-converted-to.pdf ./Figures/CCM_DataFlow3.eps>
(epstopdf)             \includegraphics on input line 540.
Package epstopdf Info: Output file is already uptodate.

<./Figures/CCM_DataFlow3-eps-converted-to.pdf, id=110, 405.515pt x 163.61125pt>
File: ./Figures/CCM_DataFlow3-eps-converted-to.pdf Graphic file (type pdf)
<use ./Figures/CCM_DataFlow3-eps-converted-to.pdf>
Package pdftex.def Info: ./Figures/CCM_DataFlow3-eps-converted-to.pdf used on i
nput line 540.
(pdftex.def)             Requested size: 238.49121pt x 96.22522pt.
 [6 <F:/Git/Latex/TCAD2013/Figures/CCM_DataFlow3-eps-converted-to.pdf>]
Package epstopdf Info: Source file: <./Figures/TestFramework2.eps>
(epstopdf)                    date: 2013-04-04 11:59:50
(epstopdf)                    size: 1037775 bytes
(epstopdf)             Output file: <./Figures/TestFramework2-eps-converted-to.
pdf>
(epstopdf)                    date: 2013-04-10 20:21:00
(epstopdf)                    size: 264450 bytes
(epstopdf)             Command: <epstopdf --outfile=./Figures/TestFramework2-ep
s-converted-to.pdf ./Figures/TestFramework2.eps>
(epstopdf)             \includegraphics on input line 671.
Package epstopdf Info: Output file is already uptodate.

<./Figures/TestFramework2-eps-converted-to.pdf, id=118, 560.0925pt x 310.15875p
t>
File: ./Figures/TestFramework2-eps-converted-to.pdf Graphic file (type pdf)
 <use ./Figures/TestFramework2-eps-converted-to.pdf>
Package pdftex.def Info: ./Figures/TestFramework2-eps-converted-to.pdf used on 
input line 671.
(pdftex.def)             Requested size: 238.49121pt x 132.06891pt.
Package epstopdf Info: Source file: <./Figures/Exp/FIR/RatedFrequency3.eps>
(epstopdf)                    date: 2013-03-16 03:21:55
(epstopdf)                    size: 11514 bytes
(epstopdf)             Output file: <./Figures/Exp/FIR/RatedFrequency3-eps-conv
erted-to.pdf>
(epstopdf)                    date: 2013-04-10 20:21:55
(epstopdf)                    size: 4292 bytes
(epstopdf)             Command: <epstopdf --outfile=./Figures/Exp/FIR/RatedFreq
uency3-eps-converted-to.pdf ./Figures/Exp/FIR/RatedFrequency3.eps>
(epstopdf)             \includegraphics on input line 733.
Package epstopdf Info: Output file is already uptodate.

<./Figures/Exp/FIR/RatedFrequency3-eps-converted-to.pdf, id=119, 432.61626pt x 
253.94875pt>
File: ./Figures/Exp/FIR/RatedFrequency3-eps-converted-to.pdf Graphic file (type
 pdf)
 <use ./Figures/Exp/FIR/RatedFrequency3-eps-converted-to.pdf>
Package pdftex.def Info: ./Figures/Exp/FIR/RatedFrequency3-eps-converted-to.pdf
 used on input line 733.
(pdftex.def)             Requested size: 231.26378pt x 135.75467pt.

[7 <F:/Git/Latex/TCAD2013/Figures/TestFramework2-eps-converted-to.pdf> <F:/Git/
Latex/TCAD2013/Figures/Exp/FIR/RatedFrequency3-eps-converted-to.pdf>]

LaTeX Font Warning: Command \scriptsize invalid in math mode on input line 751.



LaTeX Font Warning: Command \scriptsize invalid in math mode on input line 764.


Package epstopdf Info: Source file: <./Figures/Exp/FIR/FIR_Error_New2.eps>
(epstopdf)                    date: 2013-03-16 03:21:55
(epstopdf)                    size: 22665 bytes
(epstopdf)             Output file: <./Figures/Exp/FIR/FIR_Error_New2-eps-conve
rted-to.pdf>
(epstopdf)                    date: 2013-04-10 20:22:11
(epstopdf)                    size: 8953 bytes
(epstopdf)             Command: <epstopdf --outfile=./Figures/Exp/FIR/FIR_Error
_New2-eps-converted-to.pdf ./Figures/Exp/FIR/FIR_Error_New2.eps>
(epstopdf)             \includegraphics on input line 788.
Package epstopdf Info: Output file is already uptodate.

<./Figures/Exp/FIR/FIR_Error_New2-eps-converted-to.pdf, id=133, 421.575pt x 317
.185pt>
File: ./Figures/Exp/FIR/FIR_Error_New2-eps-converted-to.pdf Graphic file (type 
pdf)
 <use ./Figures/Exp/FIR/FIR_Error_New2-eps-converted-to.pdf>
Package pdftex.def Info: ./Figures/Exp/FIR/FIR_Error_New2-eps-converted-to.pdf 
used on input line 788.
(pdftex.def)             Requested size: 252.94499pt x 190.31245pt.

Overfull \hbox (0.94499pt too wide) in paragraph at lines 788--790
 [][] 
 []

Package epstopdf Info: Source file: <./Figures/Exp/FIR/LenaImages/FIRLena_T8.ep
s>
(epstopdf)                    date: 2013-03-16 03:21:55
(epstopdf)                    size: 345417 bytes
(epstopdf)             Output file: <./Figures/Exp/FIR/LenaImages/FIRLena_T8-ep
s-converted-to.pdf>
(epstopdf)                    date: 2013-04-10 20:22:53
(epstopdf)                    size: 217860 bytes
(epstopdf)             Command: <epstopdf --outfile=./Figures/Exp/FIR/LenaImage
s/FIRLena_T8-eps-converted-to.pdf ./Figures/Exp/FIR/LenaImages/FIRLena_T8.eps>
(epstopdf)             \includegraphics on input line 804.
Package epstopdf Info: Output file is already uptodate.

<./Figures/Exp/FIR/LenaImages/FIRLena_T8-eps-converted-to.pdf, id=134, 508.9012
5pt x 450.68375pt>
File: ./Figures/Exp/FIR/LenaImages/FIRLena_T8-eps-converted-to.pdf Graphic file
 (type pdf)

<use ./Figures/Exp/FIR/LenaImages/FIRLena_T8-eps-converted-to.pdf>
Package pdftex.def Info: ./Figures/Exp/FIR/LenaImages/FIRLena_T8-eps-converted-
to.pdf used on input line 804.
(pdftex.def)             Requested size: 130.08621pt x 115.20134pt.

Overfull \hbox (6.24338pt too wide) in paragraph at lines 804--804
 [][] 
 []

Package epstopdf Info: Source file: <./Figures/Exp/FIR/LenaImages/FIRLena_T65.e
ps>
(epstopdf)                    date: 2013-03-16 03:21:55
(epstopdf)                    size: 345418 bytes
(epstopdf)             Output file: <./Figures/Exp/FIR/LenaImages/FIRLena_T65-e
ps-converted-to.pdf>
(epstopdf)                    date: 2013-04-10 20:22:53
(epstopdf)                    size: 218034 bytes
(epstopdf)             Command: <epstopdf --outfile=./Figures/Exp/FIR/LenaImage
s/FIRLena_T65-eps-converted-to.pdf ./Figures/Exp/FIR/LenaImages/FIRLena_T65.eps
>
(epstopdf)             \includegraphics on input line 810.
Package epstopdf Info: Output file is already uptodate.

<./Figures/Exp/FIR/LenaImages/FIRLena_T65-eps-converted-to.pdf, id=135, 508.901
25pt x 450.68375pt>
File: ./Figures/Exp/FIR/LenaImages/FIRLena_T65-eps-converted-to.pdf Graphic fil
e (type pdf)

<use ./Figures/Exp/FIR/LenaImages/FIRLena_T65-eps-converted-to.pdf>
Package pdftex.def Info: ./Figures/Exp/FIR/LenaImages/FIRLena_T65-eps-converted
-to.pdf used on input line 810.
(pdftex.def)             Requested size: 130.08621pt x 115.20134pt.

Overfull \hbox (6.24338pt too wide) in paragraph at lines 810--810
 [][] 
 []

Package epstopdf Info: Source file: <./Figures/Exp/FIR/LenaImages/FIRLena_T62.e
ps>
(epstopdf)                    date: 2013-03-16 03:21:55
(epstopdf)                    size: 345537 bytes
(epstopdf)             Output file: <./Figures/Exp/FIR/LenaImages/FIRLena_T62-e
ps-converted-to.pdf>
(epstopdf)                    date: 2013-04-10 20:22:54
(epstopdf)                    size: 221857 bytes
(epstopdf)             Command: <epstopdf --outfile=./Figures/Exp/FIR/LenaImage
s/FIRLena_T62-eps-converted-to.pdf ./Figures/Exp/FIR/LenaImages/FIRLena_T62.eps
>
(epstopdf)             \includegraphics on input line 816.
Package epstopdf Info: Output file is already uptodate.

<./Figures/Exp/FIR/LenaImages/FIRLena_T62-eps-converted-to.pdf, id=136, 508.901
25pt x 450.68375pt>
File: ./Figures/Exp/FIR/LenaImages/FIRLena_T62-eps-converted-to.pdf Graphic fil
e (type pdf)

<use ./Figures/Exp/FIR/LenaImages/FIRLena_T62-eps-converted-to.pdf>
Package pdftex.def Info: ./Figures/Exp/FIR/LenaImages/FIRLena_T62-eps-converted
-to.pdf used on input line 816.
(pdftex.def)             Requested size: 130.08621pt x 115.20134pt.

Overfull \hbox (6.24338pt too wide) in paragraph at lines 816--816
 [][] 
 []

Package epstopdf Info: Source file: <./Figures/Exp/FIR/LenaImages/FIRLena_T6.ep
s>
(epstopdf)                    date: 2013-03-16 03:21:55
(epstopdf)                    size: 346574 bytes
(epstopdf)             Output file: <./Figures/Exp/FIR/LenaImages/FIRLena_T6-ep
s-converted-to.pdf>
(epstopdf)                    date: 2013-04-10 20:22:54
(epstopdf)                    size: 237449 bytes
(epstopdf)             Command: <epstopdf --outfile=./Figures/Exp/FIR/LenaImage
s/FIRLena_T6-eps-converted-to.pdf ./Figures/Exp/FIR/LenaImages/FIRLena_T6.eps>
(epstopdf)             \includegraphics on input line 822.
Package epstopdf Info: Output file is already uptodate.

<./Figures/Exp/FIR/LenaImages/FIRLena_T6-eps-converted-to.pdf, id=137, 508.9012
5pt x 450.68375pt>
File: ./Figures/Exp/FIR/LenaImages/FIRLena_T6-eps-converted-to.pdf Graphic file
 (type pdf)

<use ./Figures/Exp/FIR/LenaImages/FIRLena_T6-eps-converted-to.pdf>
Package pdftex.def Info: ./Figures/Exp/FIR/LenaImages/FIRLena_T6-eps-converted-
to.pdf used on input line 822.
(pdftex.def)             Requested size: 130.08621pt x 115.20134pt.

Overfull \hbox (6.24338pt too wide) in paragraph at lines 822--822
 [][] 
 []

Package epstopdf Info: Source file: <./Figures/Exp/FIR/LenaImages/FIRLena_Q7T10
.eps>
(epstopdf)                    date: 2013-03-16 03:21:55
(epstopdf)                    size: 345377 bytes
(epstopdf)             Output file: <./Figures/Exp/FIR/LenaImages/FIRLena_Q7T10
-eps-converted-to.pdf>
(epstopdf)                    date: 2013-04-10 20:22:55
(epstopdf)                    size: 218550 bytes
(epstopdf)             Command: <epstopdf --outfile=./Figures/Exp/FIR/LenaImage
s/FIRLena_Q7T10-eps-converted-to.pdf ./Figures/Exp/FIR/LenaImages/FIRLena_Q7T10
.eps>
(epstopdf)             \includegraphics on input line 828.
Package epstopdf Info: Output file is already uptodate.

<./Figures/Exp/FIR/LenaImages/FIRLena_Q7T10-eps-converted-to.pdf, id=138, 508.9
0125pt x 450.68375pt>
File: ./Figures/Exp/FIR/LenaImages/FIRLena_Q7T10-eps-converted-to.pdf Graphic f
ile (type pdf)

<use ./Figures/Exp/FIR/LenaImages/FIRLena_Q7T10-eps-converted-to.pdf>
Package pdftex.def Info: ./Figures/Exp/FIR/LenaImages/FIRLena_Q7T10-eps-convert
ed-to.pdf used on input line 828.
(pdftex.def)             Requested size: 130.08621pt x 115.20134pt.

Overfull \hbox (6.24338pt too wide) in paragraph at lines 828--828
 [][] 
 []

Package epstopdf Info: Source file: <./Figures/Exp/FIR/LenaImages/FIRLena_Q4T10
.eps>
(epstopdf)                    date: 2013-03-16 03:21:55
(epstopdf)                    size: 281465 bytes
(epstopdf)             Output file: <./Figures/Exp/FIR/LenaImages/FIRLena_Q4T10
-eps-converted-to.pdf>
(epstopdf)                    date: 2013-04-10 20:22:55
(epstopdf)                    size: 145470 bytes
(epstopdf)             Command: <epstopdf --outfile=./Figures/Exp/FIR/LenaImage
s/FIRLena_Q4T10-eps-converted-to.pdf ./Figures/Exp/FIR/LenaImages/FIRLena_Q4T10
.eps>
(epstopdf)             \includegraphics on input line 834.
Package epstopdf Info: Output file is already uptodate.

<./Figures/Exp/FIR/LenaImages/FIRLena_Q4T10-eps-converted-to.pdf, id=139, 508.9
0125pt x 450.68375pt>
File: ./Figures/Exp/FIR/LenaImages/FIRLena_Q4T10-eps-converted-to.pdf Graphic f
ile (type pdf)

<use ./Figures/Exp/FIR/LenaImages/FIRLena_Q4T10-eps-converted-to.pdf>
Package pdftex.def Info: ./Figures/Exp/FIR/LenaImages/FIRLena_Q4T10-eps-convert
ed-to.pdf used on input line 834.
(pdftex.def)             Requested size: 130.08621pt x 115.20134pt.

Overfull \hbox (6.24338pt too wide) in paragraph at lines 834--834
 [][] 
 []

Package epstopdf Info: Source file: <./Figures/Exp/FIR/LenaImages/FIRLena_Q2T10
.eps>
(epstopdf)                    date: 2013-03-16 03:21:55
(epstopdf)                    size: 139698 bytes
(epstopdf)             Output file: <./Figures/Exp/FIR/LenaImages/FIRLena_Q2T10
-eps-converted-to.pdf>
(epstopdf)                    date: 2013-04-10 20:22:55
(epstopdf)                    size: 64815 bytes
(epstopdf)             Command: <epstopdf --outfile=./Figures/Exp/FIR/LenaImage
s/FIRLena_Q2T10-eps-converted-to.pdf ./Figures/Exp/FIR/LenaImages/FIRLena_Q2T10
.eps>
(epstopdf)             \includegraphics on input line 840.
Package epstopdf Info: Output file is already uptodate.

<./Figures/Exp/FIR/LenaImages/FIRLena_Q2T10-eps-converted-to.pdf, id=140, 508.9
0125pt x 450.68375pt>
File: ./Figures/Exp/FIR/LenaImages/FIRLena_Q2T10-eps-converted-to.pdf Graphic f
ile (type pdf)

<use ./Figures/Exp/FIR/LenaImages/FIRLena_Q2T10-eps-converted-to.pdf>
Package pdftex.def Info: ./Figures/Exp/FIR/LenaImages/FIRLena_Q2T10-eps-convert
ed-to.pdf used on input line 840.
(pdftex.def)             Requested size: 130.08621pt x 115.20134pt.

Overfull \hbox (6.24338pt too wide) in paragraph at lines 840--840
 [][] 
 []

Package epstopdf Info: Source file: <./Figures/Exp/FIR/LenaImages/FIRLena_Q1T10
.eps>
(epstopdf)                    date: 2013-03-16 03:21:55
(epstopdf)                    size: 77851 bytes
(epstopdf)             Output file: <./Figures/Exp/FIR/LenaImages/FIRLena_Q1T10
-eps-converted-to.pdf>
(epstopdf)                    date: 2013-04-10 20:22:56
(epstopdf)                    size: 37386 bytes
(epstopdf)             Command: <epstopdf --outfile=./Figures/Exp/FIR/LenaImage
s/FIRLena_Q1T10-eps-converted-to.pdf ./Figures/Exp/FIR/LenaImages/FIRLena_Q1T10
.eps>
(epstopdf)             \includegraphics on input line 846.
Package epstopdf Info: Output file is already uptodate.

<./Figures/Exp/FIR/LenaImages/FIRLena_Q1T10-eps-converted-to.pdf, id=141, 508.9
0125pt x 450.68375pt>
File: ./Figures/Exp/FIR/LenaImages/FIRLena_Q1T10-eps-converted-to.pdf Graphic f
ile (type pdf)

<use ./Figures/Exp/FIR/LenaImages/FIRLena_Q1T10-eps-converted-to.pdf>
Package pdftex.def Info: ./Figures/Exp/FIR/LenaImages/FIRLena_Q1T10-eps-convert
ed-to.pdf used on input line 846.
(pdftex.def)             Requested size: 130.08621pt x 115.20134pt.

Overfull \hbox (6.24338pt too wide) in paragraph at lines 846--846
 [][] 
 []


Overfull \hbox (3.87177pt too wide) in paragraph at lines 804--848
 [][][][][] 
 []


Overfull \hbox (3.87177pt too wide) in paragraph at lines 804--848
 [][][][] 
 []

[8 <F:/Git/Latex/TCAD2013/Figures/Exp/FIR/FIR_Error_New2-eps-converted-to.pdf>]

LaTeX Font Warning: Command \scriptsize invalid in math mode on input line 863.


(F:\Git\Latex\TCAD2013\overclocking_tcad.bbl) [9 <F:/Git/Latex/TCAD2013/Figures
/Exp/FIR/LenaImages/FIRLena_T8-eps-converted-to.pdf> <F:/Git/Latex/TCAD2013/Fig
ures/Exp/FIR/LenaImages/FIRLena_T65-eps-converted-to.pdf> <F:/Git/Latex/TCAD201
3/Figures/Exp/FIR/LenaImages/FIRLena_T62-eps-converted-to.pdf> <F:/Git/Latex/TC
AD2013/Figures/Exp/FIR/LenaImages/FIRLena_T6-eps-converted-to.pdf> <F:/Git/Late
x/TCAD2013/Figures/Exp/FIR/LenaImages/FIRLena_Q7T10-eps-converted-to.pdf> <F:/G
it/Latex/TCAD2013/Figures/Exp/FIR/LenaImages/FIRLena_Q4T10-eps-converted-to.pdf
> <F:/Git/Latex/TCAD2013/Figures/Exp/FIR/LenaImages/FIRLena_Q2T10-eps-converted
-to.pdf> <F:/Git/Latex/TCAD2013/Figures/Exp/FIR/LenaImages/FIRLena_Q1T10-eps-co
nverted-to.pdf>] [10] (F:\Git\Latex\TCAD2013\overclocking_tcad.aux)

LaTeX Warning: There were multiply-defined labels.

 ) 
Here is how much of TeX's memory you used:
 3593 strings out of 494045
 56281 string characters out of 3145971
 123178 words of memory out of 3000000
 6792 multiletter control sequences out of 15000+200000
 48795 words of font info for 94 fonts, out of 3000000 for 9000
 715 hyphenation exceptions out of 8191
 42i,17n,28p,1286b,368s stack positions out of 5000i,500n,10000p,200000b,50000s
{E:/Program Files (x86)/MiKTeX 2.9/fonts/enc/dvips/fontname/8r.enc}<E:/Progra
m Files (x86)/MiKTeX 2.9/fonts/type1/public/amsfonts/cm/cmex10.pfb><E:/Program 
Files (x86)/MiKTeX 2.9/fonts/type1/public/amsfonts/cm/cmmi10.pfb><E:/Program Fi
les (x86)/MiKTeX 2.9/fonts/type1/public/amsfonts/cm/cmmi5.pfb><E:/Program Files
 (x86)/MiKTeX 2.9/fonts/type1/public/amsfonts/cm/cmmi6.pfb><E:/Program Files (x
86)/MiKTeX 2.9/fonts/type1/public/amsfonts/cm/cmmi7.pfb><E:/Program Files (x86)
/MiKTeX 2.9/fonts/type1/public/amsfonts/cm/cmmi8.pfb><E:/Program Files (x86)/Mi
KTeX 2.9/fonts/type1/public/amsfonts/cm/cmr10.pfb><E:/Program Files (x86)/MiKTe
X 2.9/fonts/type1/public/amsfonts/cm/cmr5.pfb><E:/Program Files (x86)/MiKTeX 2.
9/fonts/type1/public/amsfonts/cm/cmr7.pfb><E:/Program Files (x86)/MiKTeX 2.9/fo
nts/type1/public/amsfonts/cm/cmr8.pfb><E:/Program Files (x86)/MiKTeX 2.9/fonts/
type1/public/amsfonts/cm/cmsy10.pfb><E:/Program Files (x86)/MiKTeX 2.9/fonts/ty
pe1/public/amsfonts/cm/cmsy5.pfb><E:/Program Files (x86)/MiKTeX 2.9/fonts/type1
/public/amsfonts/cm/cmsy7.pfb><E:/Program Files (x86)/MiKTeX 2.9/fonts/type1/pu
blic/amsfonts/cm/cmsy8.pfb><E:/Program Files (x86)/MiKTeX 2.9/fonts/type1/publi
c/amsfonts/symbols/msam10.pfb><E:/Program Files (x86)/MiKTeX 2.9/fonts/type1/ur
w/times/utmb8a.pfb><E:/Program Files (x86)/MiKTeX 2.9/fonts/type1/urw/times/utm
bi8a.pfb><E:/Program Files (x86)/MiKTeX 2.9/fonts/type1/urw/times/utmr8a.pfb><E
:/Program Files (x86)/MiKTeX 2.9/fonts/type1/urw/times/utmri8a.pfb>
Output written on overclocking_tcad.pdf (10 pages, 2336648 bytes).
PDF statistics:
 249 PDF objects out of 1000 (max. 8388607)
 0 named destinations out of 1000 (max. 500000)
 106 words of extra memory for PDF output out of 10000 (max. 10000000)

