This is pdfTeX, Version 3.1415926-2.4-1.40.13 (TeX Live 2012) (format=pdflatex 2012.6.30)  17 OCT 2014 22:18
entering extended mode
 restricted \write18 enabled.
 %&-line parsing enabled.
**bare_conf.tex -recorder
(./bare_conf.tex
LaTeX2e <2011/06/27>
Babel <v3.8m> and hyphenation patterns for english, dumylang, nohyphenation, ge
rman-x-2012-05-30, ngerman-x-2012-05-30, afrikaans, ancientgreek, ibycus, arabi
c, armenian, basque, bulgarian, catalan, pinyin, coptic, croatian, czech, danis
h, dutch, ukenglish, usenglishmax, esperanto, estonian, ethiopic, farsi, finnis
h, french, friulan, galician, german, ngerman, swissgerman, monogreek, greek, h
ungarian, icelandic, assamese, bengali, gujarati, hindi, kannada, malayalam, ma
rathi, oriya, panjabi, tamil, telugu, indonesian, interlingua, irish, italian, 
kurmanji, latin, latvian, lithuanian, mongolian, mongolianlmc, bokmal, nynorsk,
 polish, portuguese, romanian, romansh, russian, sanskrit, serbian, serbianc, s
lovak, slovenian, spanish, swedish, turkish, turkmen, ukrainian, uppersorbian, 
welsh, loaded.
(./IEEEtran.cls
Document Class: IEEEtran 2012/11/21 V1.8c by Harald Hanche-Olsen and Anders Chr
istensen
-- Based on V1.7a by Michael Shell
-- See the "IEEEtran_HOWTO" manual for usage information.
-- http://www.michaelshell.org/tex/ieeetran/
\@IEEEtrantmpdimenA=\dimen102
\@IEEEtrantmpdimenB=\dimen103
\@IEEEtrantmpcountA=\count79
\@IEEEtrantmpcountB=\count80
\@IEEEtrantmptoksA=\toks14
LaTeX Font Info:    Try loading font information for OT1+ptm on input line 373.

(/usr/local/texlive/2012/texmf-dist/tex/latex/psnfss/ot1ptm.fd
File: ot1ptm.fd 2001/06/04 font definitions for OT1/ptm.
)
-- Using 8.5in x 11in (letter) paper.
-- Using PDF output.
\@IEEEnormalsizeunitybaselineskip=\dimen104
-- This is a 10 point document.
\CLASSINFOnormalsizebaselineskip=\dimen105
\CLASSINFOnormalsizeunitybaselineskip=\dimen106
\IEEEnormaljot=\dimen107
LaTeX Font Info:    Font shape `OT1/ptm/bx/n' in size <5> not available
(Font)              Font shape `OT1/ptm/b/n' tried instead on input line 731.
LaTeX Font Info:    Font shape `OT1/ptm/bx/it' in size <5> not available
(Font)              Font shape `OT1/ptm/b/it' tried instead on input line 731.
LaTeX Font Info:    Font shape `OT1/ptm/bx/n' in size <7> not available
(Font)              Font shape `OT1/ptm/b/n' tried instead on input line 731.
LaTeX Font Info:    Font shape `OT1/ptm/bx/it' in size <7> not available
(Font)              Font shape `OT1/ptm/b/it' tried instead on input line 731.
LaTeX Font Info:    Font shape `OT1/ptm/bx/n' in size <8> not available
(Font)              Font shape `OT1/ptm/b/n' tried instead on input line 731.
LaTeX Font Info:    Font shape `OT1/ptm/bx/it' in size <8> not available
(Font)              Font shape `OT1/ptm/b/it' tried instead on input line 731.
LaTeX Font Info:    Font shape `OT1/ptm/bx/n' in size <9> not available
(Font)              Font shape `OT1/ptm/b/n' tried instead on input line 731.
LaTeX Font Info:    Font shape `OT1/ptm/bx/it' in size <9> not available
(Font)              Font shape `OT1/ptm/b/it' tried instead on input line 731.
LaTeX Font Info:    Font shape `OT1/ptm/bx/n' in size <10> not available
(Font)              Font shape `OT1/ptm/b/n' tried instead on input line 731.
LaTeX Font Info:    Font shape `OT1/ptm/bx/it' in size <10> not available
(Font)              Font shape `OT1/ptm/b/it' tried instead on input line 731.
LaTeX Font Info:    Font shape `OT1/ptm/bx/n' in size <11> not available
(Font)              Font shape `OT1/ptm/b/n' tried instead on input line 731.
LaTeX Font Info:    Font shape `OT1/ptm/bx/it' in size <11> not available
(Font)              Font shape `OT1/ptm/b/it' tried instead on input line 731.
LaTeX Font Info:    Font shape `OT1/ptm/bx/n' in size <12> not available
(Font)              Font shape `OT1/ptm/b/n' tried instead on input line 731.
LaTeX Font Info:    Font shape `OT1/ptm/bx/it' in size <12> not available
(Font)              Font shape `OT1/ptm/b/it' tried instead on input line 731.
LaTeX Font Info:    Font shape `OT1/ptm/bx/n' in size <17> not available
(Font)              Font shape `OT1/ptm/b/n' tried instead on input line 731.
LaTeX Font Info:    Font shape `OT1/ptm/bx/it' in size <17> not available
(Font)              Font shape `OT1/ptm/b/it' tried instead on input line 731.
LaTeX Font Info:    Font shape `OT1/ptm/bx/n' in size <20> not available
(Font)              Font shape `OT1/ptm/b/n' tried instead on input line 731.
LaTeX Font Info:    Font shape `OT1/ptm/bx/it' in size <20> not available
(Font)              Font shape `OT1/ptm/b/it' tried instead on input line 731.
LaTeX Font Info:    Font shape `OT1/ptm/bx/n' in size <24> not available
(Font)              Font shape `OT1/ptm/b/n' tried instead on input line 731.
LaTeX Font Info:    Font shape `OT1/ptm/bx/it' in size <24> not available
(Font)              Font shape `OT1/ptm/b/it' tried instead on input line 731.
\IEEEilabelindentA=\dimen108
\IEEEilabelindentB=\dimen109
\IEEEilabelindent=\dimen110
\IEEEelabelindent=\dimen111
\IEEEdlabelindent=\dimen112
\IEEElabelindent=\dimen113
\IEEEiednormlabelsep=\dimen114
\IEEEiedmathlabelsep=\dimen115
\IEEEiedtopsep=\skip41
\c@section=\count81
\c@subsection=\count82
\c@subsubsection=\count83
\c@paragraph=\count84
\c@IEEEsubequation=\count85
\abovecaptionskip=\skip42
\belowcaptionskip=\skip43
\c@figure=\count86
\c@table=\count87
\@IEEEeqnnumcols=\count88
\@IEEEeqncolcnt=\count89
\@IEEEtmpitemindent=\dimen116
\c@IEEEbiography=\count90
\@IEEEtranrubishbin=\box26
) (/usr/local/texlive/2012/texmf-dist/tex/latex/cite/cite.sty
LaTeX Info: Redefining \cite on input line 302.
LaTeX Info: Redefining \nocite on input line 373.
Package: cite 2010/09/10  v 5.3
)
(/usr/local/texlive/2012/texmf-dist/tex/latex/amsmath/amsmath.sty
Package: amsmath 2000/07/18 v2.13 AMS math features
\@mathmargin=\skip44

For additional information on amsmath, use the `?' option.
(/usr/local/texlive/2012/texmf-dist/tex/latex/amsmath/amstext.sty
Package: amstext 2000/06/29 v2.01

(/usr/local/texlive/2012/texmf-dist/tex/latex/amsmath/amsgen.sty
File: amsgen.sty 1999/11/30 v2.0
\@emptytoks=\toks15
\ex@=\dimen117
))
(/usr/local/texlive/2012/texmf-dist/tex/latex/amsmath/amsbsy.sty
Package: amsbsy 1999/11/29 v1.2d
\pmbraise@=\dimen118
)
(/usr/local/texlive/2012/texmf-dist/tex/latex/amsmath/amsopn.sty
Package: amsopn 1999/12/14 v2.01 operator names
)
\inf@bad=\count91
LaTeX Info: Redefining \frac on input line 211.
\uproot@=\count92
\leftroot@=\count93
LaTeX Info: Redefining \overline on input line 307.
\classnum@=\count94
\DOTSCASE@=\count95
LaTeX Info: Redefining \ldots on input line 379.
LaTeX Info: Redefining \dots on input line 382.
LaTeX Info: Redefining \cdots on input line 467.
\Mathstrutbox@=\box27
\strutbox@=\box28
\big@size=\dimen119
LaTeX Font Info:    Redeclaring font encoding OML on input line 567.
LaTeX Font Info:    Redeclaring font encoding OMS on input line 568.
\macc@depth=\count96
\c@MaxMatrixCols=\count97
\dotsspace@=\muskip10
\c@parentequation=\count98
\dspbrk@lvl=\count99
\tag@help=\toks16
\row@=\count100
\column@=\count101
\maxfields@=\count102
\andhelp@=\toks17
\eqnshift@=\dimen120
\alignsep@=\dimen121
\tagshift@=\dimen122
\tagwidth@=\dimen123
\totwidth@=\dimen124
\lineht@=\dimen125
\@envbody=\toks18
\multlinegap=\skip45
\multlinetaggap=\skip46
\mathdisplay@stack=\toks19
LaTeX Info: Redefining \[ on input line 2666.
LaTeX Info: Redefining \] on input line 2667.
)
(/usr/local/texlive/2012/texmf-dist/tex/latex/amsfonts/amssymb.sty
Package: amssymb 2009/06/22 v3.00

(/usr/local/texlive/2012/texmf-dist/tex/latex/amsfonts/amsfonts.sty
Package: amsfonts 2009/06/22 v3.00 Basic AMSFonts support
\symAMSa=\mathgroup4
\symAMSb=\mathgroup5
LaTeX Font Info:    Overwriting math alphabet `\mathfrak' in version `bold'
(Font)                  U/euf/m/n --> U/euf/b/n on input line 96.
))
(/usr/local/texlive/2012/texmf-dist/tex/latex/algorithms/algorithm.sty
Package: algorithm 2009/08/24 v0.1 Document Style `algorithm' - floating enviro
nment

(/usr/local/texlive/2012/texmf-dist/tex/latex/float/float.sty
Package: float 2001/11/08 v1.3d Float enhancements (AL)
\c@float@type=\count103
\float@exts=\toks20
\float@box=\box29
\@float@everytoks=\toks21
\@floatcapt=\box30
)
(/usr/local/texlive/2012/texmf-dist/tex/latex/base/ifthen.sty
Package: ifthen 2001/05/26 v1.1c Standard LaTeX ifthen package (DPC)
)
\@float@every@algorithm=\toks22
\c@algorithm=\count104
)
(/usr/local/texlive/2012/texmf-dist/tex/latex/algorithmicx/algpseudocode.sty
Package: algpseudocode 

(/usr/local/texlive/2012/texmf-dist/tex/latex/algorithmicx/algorithmicx.sty
Package: algorithmicx 2005/04/27 v1.2 Algorithmicx

Document Style algorithmicx 1.2 - a greatly improved `algorithmic' style
\c@ALG@line=\count105
\c@ALG@rem=\count106
\c@ALG@nested=\count107
\ALG@tlm=\skip47
\ALG@thistlm=\skip48
\c@ALG@Lnr=\count108
\c@ALG@blocknr=\count109
\c@ALG@storecount=\count110
\c@ALG@tmpcounter=\count111
\ALG@tmplength=\skip49
)
Document Style - pseudocode environments for use with the `algorithmicx' style
) (/usr/local/texlive/2012/texmf-dist/tex/latex/tools/indentfirst.sty
Package: indentfirst 1995/11/23 v1.03 Indent first paragraph (DPC)
)
(/usr/local/texlive/2012/texmf-dist/tex/latex/graphics/graphicx.sty
Package: graphicx 1999/02/16 v1.0f Enhanced LaTeX Graphics (DPC,SPQR)

(/usr/local/texlive/2012/texmf-dist/tex/latex/graphics/keyval.sty
Package: keyval 1999/03/16 v1.13 key=value parser (DPC)
\KV@toks@=\toks23
)
(/usr/local/texlive/2012/texmf-dist/tex/latex/graphics/graphics.sty
Package: graphics 2009/02/05 v1.0o Standard LaTeX Graphics (DPC,SPQR)

(/usr/local/texlive/2012/texmf-dist/tex/latex/graphics/trig.sty
Package: trig 1999/03/16 v1.09 sin cos tan (DPC)
)
(/usr/local/texlive/2012/texmf-dist/tex/latex/latexconfig/graphics.cfg
File: graphics.cfg 2010/04/23 v1.9 graphics configuration of TeX Live
)
Package graphics Info: Driver file: pdftex.def on input line 91.

(/usr/local/texlive/2012/texmf-dist/tex/latex/pdftex-def/pdftex.def
File: pdftex.def 2011/05/27 v0.06d Graphics/color for pdfTeX

(/usr/local/texlive/2012/texmf-dist/tex/generic/oberdiek/infwarerr.sty
Package: infwarerr 2010/04/08 v1.3 Providing info/warning/error messages (HO)
)
(/usr/local/texlive/2012/texmf-dist/tex/generic/oberdiek/ltxcmds.sty
Package: ltxcmds 2011/11/09 v1.22 LaTeX kernel commands for general use (HO)
)
\Gread@gobject=\count112
))
\Gin@req@height=\dimen126
\Gin@req@width=\dimen127
)
(/usr/local/texlive/2012/texmf-dist/tex/latex/multirow/multirow.sty
\bigstrutjot=\dimen128
)
(/usr/local/texlive/2012/texmf-dist/tex/latex/psnfss/courier.sty
Package: courier 2005/04/12 PSNFSS-v9.2a (WaS) 
)
(/usr/local/texlive/2012/texmf-dist/tex/latex/subfigure/subfigure.sty
Package: subfigure 2002/03/15 v2.1.5 subfigure package
\subfigtopskip=\skip50
\subfigcapskip=\skip51
\subfigcaptopadj=\dimen129
\subfigbottomskip=\skip52
\subfigcapmargin=\dimen130
\subfiglabelskip=\skip53
\c@subfigure=\count113
\c@lofdepth=\count114
\c@subtable=\count115
\c@lotdepth=\count116

****************************************
* Local config file subfigure.cfg used *
****************************************
(/usr/local/texlive/2012/texmf-dist/tex/latex/subfigure/subfigure.cfg)
\subfig@top=\skip54
\subfig@bottom=\skip55
)
(/usr/local/texlive/2012/texmf-dist/tex/latex/subfig/subfig.sty
Package: subfig 2005/06/28 ver: 1.3 subfig package

(/usr/local/texlive/2012/texmf-dist/tex/latex/caption/caption3.sty
Package: caption3 2012/01/12 v1.4b caption3 kernel (AR)
\captionmargin=\dimen131
\captionmargin@=\dimen132
\captionwidth=\dimen133
\caption@indent=\dimen134
\caption@parindent=\dimen135
\caption@hangindent=\dimen136
Package caption Info: Unknown document class (or package),
(caption)             standard defaults will be used.
)
\c@KVtest=\count117
\sf@farskip=\skip56
\sf@captopadj=\dimen137
\sf@capskip=\skip57
\sf@nearskip=\skip58
\sf@top=\skip59
\sf@bottom=\skip60
)
(./bare_conf.aux)
\openout1 = `bare_conf.aux'.

LaTeX Font Info:    Checking defaults for OML/cmm/m/it on input line 42.
LaTeX Font Info:    ... okay on input line 42.
LaTeX Font Info:    Checking defaults for T1/cmr/m/n on input line 42.
LaTeX Font Info:    ... okay on input line 42.
LaTeX Font Info:    Checking defaults for OT1/cmr/m/n on input line 42.
LaTeX Font Info:    ... okay on input line 42.
LaTeX Font Info:    Checking defaults for OMS/cmsy/m/n on input line 42.
LaTeX Font Info:    ... okay on input line 42.
LaTeX Font Info:    Checking defaults for OMX/cmex/m/n on input line 42.
LaTeX Font Info:    ... okay on input line 42.
LaTeX Font Info:    Checking defaults for U/cmr/m/n on input line 42.
LaTeX Font Info:    ... okay on input line 42.

(/usr/local/texlive/2012/texmf-dist/tex/context/base/supp-pdf.mkii
[Loading MPS to PDF converter (version 2006.09.02).]
\scratchcounter=\count118
\scratchdimen=\dimen138
\scratchbox=\box31
\nofMPsegments=\count119
\nofMParguments=\count120
\everyMPshowfont=\toks24
\MPscratchCnt=\count121
\MPscratchDim=\dimen139
\MPnumerator=\count122
\makeMPintoPDFobject=\count123
\everyMPtoPDFconversion=\toks25
) (/usr/local/texlive/2012/texmf-dist/tex/generic/oberdiek/pdftexcmds.sty
Package: pdftexcmds 2011/11/29 v0.20 Utility functions of pdfTeX for LuaTeX (HO
)

(/usr/local/texlive/2012/texmf-dist/tex/generic/oberdiek/ifluatex.sty
Package: ifluatex 2010/03/01 v1.3 Provides the ifluatex switch (HO)
Package ifluatex Info: LuaTeX not detected.
)
(/usr/local/texlive/2012/texmf-dist/tex/generic/oberdiek/ifpdf.sty
Package: ifpdf 2011/01/30 v2.3 Provides the ifpdf switch (HO)
Package ifpdf Info: pdfTeX in PDF mode is detected.
)
Package pdftexcmds Info: LuaTeX not detected.
Package pdftexcmds Info: \pdf@primitive is available.
Package pdftexcmds Info: \pdf@ifprimitive is available.
Package pdftexcmds Info: \pdfdraftmode found.
)
(/usr/local/texlive/2012/texmf-dist/tex/latex/oberdiek/epstopdf-base.sty
Package: epstopdf-base 2010/02/09 v2.5 Base part for package epstopdf

(/usr/local/texlive/2012/texmf-dist/tex/latex/oberdiek/grfext.sty
Package: grfext 2010/08/19 v1.1 Manage graphics extensions (HO)

(/usr/local/texlive/2012/texmf-dist/tex/generic/oberdiek/kvdefinekeys.sty
Package: kvdefinekeys 2011/04/07 v1.3 Define keys (HO)
))
(/usr/local/texlive/2012/texmf-dist/tex/latex/oberdiek/kvoptions.sty
Package: kvoptions 2011/06/30 v3.11 Key value format for package options (HO)

(/usr/local/texlive/2012/texmf-dist/tex/generic/oberdiek/kvsetkeys.sty
Package: kvsetkeys 2012/04/25 v1.16 Key value parser (HO)

(/usr/local/texlive/2012/texmf-dist/tex/generic/oberdiek/etexcmds.sty
Package: etexcmds 2011/02/16 v1.5 Avoid name clashes with e-TeX commands (HO)
Package etexcmds Info: Could not find \expanded.
(etexcmds)             That can mean that you are not using pdfTeX 1.50 or
(etexcmds)             that some package has redefined \expanded.
(etexcmds)             In the latter case, load this package earlier.
)))
Package grfext Info: Graphics extension search list:
(grfext)             [.png,.pdf,.jpg,.mps,.jpeg,.jbig2,.jb2,.PNG,.PDF,.JPG,.JPE
G,.JBIG2,.JB2,.eps]
(grfext)             \AppendGraphicsExtensions on input line 452.

(/usr/local/texlive/2012/texmf-dist/tex/latex/latexconfig/epstopdf-sys.cfg
File: epstopdf-sys.cfg 2010/07/13 v1.3 Configuration of (r)epstopdf for TeX Liv
e
))
Package caption Info: Begin \AtBeginDocument code.
Package caption Info: subfig package v1.3 is loaded.
Package caption Info: End \AtBeginDocument code.
LaTeX Font Info:    Try loading font information for U+msa on input line 73.

(/usr/local/texlive/2012/texmf-dist/tex/latex/amsfonts/umsa.fd
File: umsa.fd 2009/06/22 v3.00 AMS symbols A
)
LaTeX Font Info:    Try loading font information for U+msb on input line 73.

(/usr/local/texlive/2012/texmf-dist/tex/latex/amsfonts/umsb.fd
File: umsb.fd 2009/06/22 v3.00 AMS symbols B
) [1{/usr/local/texlive/2012/texmf-var/fonts/map/pdftex/updmap/pdftex.map}


]
Package epstopdf Info: Source file: <./Figures/OnlineArithmetic_DataFlow.eps>
(epstopdf)                    date: 2014-10-16 00:08:50
(epstopdf)                    size: 409262 bytes
(epstopdf)             Output file: <./Figures/OnlineArithmetic_DataFlow-eps-co
nverted-to.pdf>
(epstopdf)                    date: 2014-10-16 17:03:54
(epstopdf)                    size: 36915 bytes
(epstopdf)             Command: <repstopdf --outfile=./Figures/OnlineArithmetic
_DataFlow-eps-converted-to.pdf ./Figures/OnlineArithmetic_DataFlow.eps>
(epstopdf)             \includegraphics on input line 111.
Package epstopdf Info: Output file is already uptodate.

<./Figures/OnlineArithmetic_DataFlow-eps-converted-to.pdf, id=16, 273.02pt x 10
0.375pt>
File: ./Figures/OnlineArithmetic_DataFlow-eps-converted-to.pdf Graphic file (ty
pe pdf)
 <use ./Figures/OnlineArithmetic_DataFlow-eps-converted-to.pdf>
Package pdftex.def Info: ./Figures/OnlineArithmetic_DataFlow-eps-converted-to.p
df used on input line 111.
(pdftex.def)             Requested size: 235.84328pt x 86.70676pt.


LaTeX Font Warning: Command \footnotesize invalid in math mode on input line 12
0.


LaTeX Font Warning: Command \normalsize invalid in math mode on input line 122.


Package epstopdf Info: Source file: <./Figures/SDAdder.eps>
(epstopdf)                    date: 2014-10-16 00:08:50
(epstopdf)                    size: 351575 bytes
(epstopdf)             Output file: <./Figures/SDAdder-eps-converted-to.pdf>
(epstopdf)                    date: 2014-10-16 17:03:56
(epstopdf)                    size: 28381 bytes
(epstopdf)             Command: <repstopdf --outfile=./Figures/SDAdder-eps-conv
erted-to.pdf ./Figures/SDAdder.eps>
(epstopdf)             \includegraphics on input line 131.
Package epstopdf Info: Output file is already uptodate.
<./Figures/SDAdder-eps-converted-to.pdf, id=17, 577.15625pt x 316.18124pt>
File: ./Figures/SDAdder-eps-converted-to.pdf Graphic file (type pdf)

<use ./Figures/SDAdder-eps-converted-to.pdf>
Package pdftex.def Info: ./Figures/SDAdder-eps-converted-to.pdf used on input l
ine 131.
(pdftex.def)             Requested size: 235.84328pt x 129.20093pt.


LaTeX Font Warning: Command \small invalid in math mode on input line 152.


LaTeX Font Warning: Command \normalsize invalid in math mode on input line 158.


[2 <./Figures/OnlineArithmetic_DataFlow-eps-converted-to.pdf> <./Figures/SDAdde
r-eps-converted-to.pdf>]
LaTeX Font Info:    Try loading font information for OT1+pcr on input line 197.


(/usr/local/texlive/2012/texmf-dist/tex/latex/psnfss/ot1pcr.fd
File: ot1pcr.fd 2001/06/04 font definitions for OT1/pcr.
)
Package epstopdf Info: Source file: <./Figures/SDAdder_42comp_Spartan.eps>
(epstopdf)                    date: 2014-10-16 00:08:50
(epstopdf)                    size: 899508 bytes
(epstopdf)             Output file: <./Figures/SDAdder_42comp_Spartan-eps-conve
rted-to.pdf>
(epstopdf)                    date: 2014-10-16 17:03:58
(epstopdf)                    size: 43162 bytes
(epstopdf)             Command: <repstopdf --outfile=./Figures/SDAdder_42comp_S
partan-eps-converted-to.pdf ./Figures/SDAdder_42comp_Spartan.eps>
(epstopdf)             \includegraphics on input line 201.
Package epstopdf Info: Output file is already uptodate.

<./Figures/SDAdder_42comp_Spartan-eps-converted-to.pdf, id=65, 559.08875pt x 24
2.9075pt>
File: ./Figures/SDAdder_42comp_Spartan-eps-converted-to.pdf Graphic file (type 
pdf)
 <use ./Figures/SDAdder_42comp_Spartan-eps-converted-to.pdf>
Package pdftex.def Info: ./Figures/SDAdder_42comp_Spartan-eps-converted-to.pdf 
used on input line 201.
(pdftex.def)             Requested size: 246.32751pt x 107.02046pt.
Package epstopdf Info: Source file: <./Figures/SDadder_FastCarry_PreviousWork.e
ps>
(epstopdf)                    date: 2014-10-16 00:08:50
(epstopdf)                    size: 1075953 bytes
(epstopdf)             Output file: <./Figures/SDadder_FastCarry_PreviousWork-e
ps-converted-to.pdf>
(epstopdf)                    date: 2014-10-17 22:17:39
(epstopdf)                    size: 32554 bytes
(epstopdf)             Command: <repstopdf --outfile=./Figures/SDadder_FastCarr
y_PreviousWork-eps-converted-to.pdf ./Figures/SDadder_FastCarry_PreviousWork.ep
s>
(epstopdf)             \includegraphics on input line 213.
Package epstopdf Info: Output file is already uptodate.

<./Figures/SDadder_FastCarry_PreviousWork-eps-converted-to.pdf, id=66, 446.6687
5pt x 431.6125pt>
File: ./Figures/SDadder_FastCarry_PreviousWork-eps-converted-to.pdf Graphic fil
e (type pdf)

<use ./Figures/SDadder_FastCarry_PreviousWork-eps-converted-to.pdf>
Package pdftex.def Info: ./Figures/SDadder_FastCarry_PreviousWork-eps-converted
-to.pdf used on input line 213.
(pdftex.def)             Requested size: 235.84328pt x 227.89737pt.
 [3 <./Figures/SDAdder_42comp_Spartan-eps-converted-to.pdf> <./Figures/SDadder_
FastCarry_PreviousWork-eps-converted-to.pdf>]
Package epstopdf Info: Source file: <./Figures/SDadder_FPGA_New_4digit.eps>
(epstopdf)                    date: 2014-10-16 00:08:50
(epstopdf)                    size: 350237 bytes
(epstopdf)             Output file: <./Figures/SDadder_FPGA_New_4digit-eps-conv
erted-to.pdf>
(epstopdf)                    date: 2014-10-16 17:03:59
(epstopdf)                    size: 28264 bytes
(epstopdf)             Command: <repstopdf --outfile=./Figures/SDadder_FPGA_New
_4digit-eps-converted-to.pdf ./Figures/SDadder_FPGA_New_4digit.eps>
(epstopdf)             \includegraphics on input line 228.
Package epstopdf Info: Output file is already uptodate.

<./Figures/SDadder_FPGA_New_4digit-eps-converted-to.pdf, id=105, 777.90625pt x 
216.81pt>
File: ./Figures/SDadder_FPGA_New_4digit-eps-converted-to.pdf Graphic file (type
 pdf)
 <use ./Figures/SDadder_FPGA_New_4digit-eps-converted-to.pdf>
Package pdftex.def Info: ./Figures/SDadder_FPGA_New_4digit-eps-converted-to.pdf
 used on input line 228.
(pdftex.def)             Requested size: 445.48798pt x 124.16522pt.
Package epstopdf Info: Source file: <./Figures/SDadder_FastCarry_New.eps>
(epstopdf)                    date: 2014-10-16 00:08:50
(epstopdf)                    size: 1302091 bytes
(epstopdf)             Output file: <./Figures/SDadder_FastCarry_New-eps-conver
ted-to.pdf>
(epstopdf)                    date: 2014-10-16 17:04:01
(epstopdf)                    size: 29272 bytes
(epstopdf)             Command: <repstopdf --outfile=./Figures/SDadder_FastCarr
y_New-eps-converted-to.pdf ./Figures/SDadder_FastCarry_New.eps>
(epstopdf)             \includegraphics on input line 239.
Package epstopdf Info: Output file is already uptodate.

<./Figures/SDadder_FastCarry_New-eps-converted-to.pdf, id=106, 380.42125pt x 47
5.7775pt>
File: ./Figures/SDadder_FastCarry_New-eps-converted-to.pdf Graphic file (type p
df)
 <use ./Figures/SDadder_FastCarry_New-eps-converted-to.pdf>
Package pdftex.def Info: ./Figures/SDadder_FastCarry_New-eps-converted-to.pdf u
sed on input line 239.
(pdftex.def)             Requested size: 235.84328pt x 294.96446pt.


LaTeX Font Warning: Command \scriptsize invalid in math mode on input line 249.



LaTeX Font Warning: Command \normalsize invalid in math mode on input line 251.



LaTeX Font Warning: Command \footnotesize invalid in math mode on input line 25
6.


LaTeX Font Warning: Command \normalsize invalid in math mode on input line 258.


Package epstopdf Info: Source file: <./Figures/Exp/Adder_Freq.eps>
(epstopdf)                    date: 2014-06-15 17:38:16
(epstopdf)                    size: 10881 bytes
(epstopdf)             Output file: <./Figures/Exp/Adder_Freq-eps-converted-to.
pdf>
(epstopdf)                    date: 2014-06-15 17:38:16
(epstopdf)                    size: 4329 bytes
(epstopdf)             Command: <repstopdf --outfile=./Figures/Exp/Adder_Freq-e
ps-converted-to.pdf ./Figures/Exp/Adder_Freq.eps>
(epstopdf)             \includegraphics on input line 266.
Package epstopdf Info: Output file is already uptodate.

<./Figures/Exp/Adder_Freq-eps-converted-to.pdf, id=107, 421.575pt x 317.185pt>
File: ./Figures/Exp/Adder_Freq-eps-converted-to.pdf Graphic file (type pdf)

<use ./Figures/Exp/Adder_Freq-eps-converted-to.pdf>
Package pdftex.def Info: ./Figures/Exp/Adder_Freq-eps-converted-to.pdf used on 
input line 266.
(pdftex.def)             Requested size: 235.84328pt x 177.44814pt.
Package epstopdf Info: Source file: <./Figures/Exp/Adder_LUTs3.eps>
(epstopdf)                    date: 2014-06-15 17:38:16
(epstopdf)                    size: 10508 bytes
(epstopdf)             Output file: <./Figures/Exp/Adder_LUTs3-eps-converted-to
.pdf>
(epstopdf)                    date: 2014-06-15 17:38:16
(epstopdf)                    size: 4211 bytes
(epstopdf)             Command: <repstopdf --outfile=./Figures/Exp/Adder_LUTs3-
eps-converted-to.pdf ./Figures/Exp/Adder_LUTs3.eps>
(epstopdf)             \includegraphics on input line 289.
Package epstopdf Info: Output file is already uptodate.

<./Figures/Exp/Adder_LUTs3-eps-converted-to.pdf, id=108, 370.38374pt x 256.96pt
>
File: ./Figures/Exp/Adder_LUTs3-eps-converted-to.pdf Graphic file (type pdf)
 <use ./Figures/Exp/Adder_LUTs3-eps-converted-to.pdf>
Package pdftex.def Info: ./Figures/Exp/Adder_LUTs3-eps-converted-to.pdf used on
 input line 289.
(pdftex.def)             Requested size: 224.05038pt x 155.43971pt.
Package epstopdf Info: Source file: <./Figures/Exp/Adder_Slices3.eps>
(epstopdf)                    date: 2014-06-15 17:38:16
(epstopdf)                    size: 10438 bytes
(epstopdf)             Output file: <./Figures/Exp/Adder_Slices3-eps-converted-
to.pdf>
(epstopdf)                    date: 2014-06-15 17:38:16
(epstopdf)                    size: 4178 bytes
(epstopdf)             Command: <repstopdf --outfile=./Figures/Exp/Adder_Slices
3-eps-converted-to.pdf ./Figures/Exp/Adder_Slices3.eps>
(epstopdf)             \includegraphics on input line 296.
Package epstopdf Info: Output file is already uptodate.

<./Figures/Exp/Adder_Slices3-eps-converted-to.pdf, id=109, 369.38pt x 256.96pt>
File: ./Figures/Exp/Adder_Slices3-eps-converted-to.pdf Graphic file (type pdf)
<use ./Figures/Exp/Adder_Slices3-eps-converted-to.pdf>
Package pdftex.def Info: ./Figures/Exp/Adder_Slices3-eps-converted-to.pdf used 
on input line 296.
(pdftex.def)             Requested size: 224.05038pt x 155.85924pt.

Underfull \vbox (badness 2671) has occurred while \output is active []

 [4 <./Figures/SDadder_FastCarry_New-eps-converted-to.pdf> <./Figures/Exp/Adder
_Freq-eps-converted-to.pdf>] [5 <./Figures/SDadder_FPGA_New_4digit-eps-converte
d-to.pdf> <./Figures/Exp/Adder_LUTs3-eps-converted-to.pdf> <./Figures/Exp/Adder
_Slices3-eps-converted-to.pdf>]
Package epstopdf Info: Source file: <./Figures/ParallelMult_Structure.eps>
(epstopdf)                    date: 2014-10-16 17:15:41
(epstopdf)                    size: 532529 bytes
(epstopdf)             Output file: <./Figures/ParallelMult_Structure-eps-conve
rted-to.pdf>
(epstopdf)                    date: 2014-10-16 17:18:06
(epstopdf)                    size: 52016 bytes
(epstopdf)             Command: <repstopdf --outfile=./Figures/ParallelMult_Str
ucture-eps-converted-to.pdf ./Figures/ParallelMult_Structure.eps>
(epstopdf)             \includegraphics on input line 336.
Package epstopdf Info: Output file is already uptodate.

<./Figures/ParallelMult_Structure-eps-converted-to.pdf, id=152, 449.68pt x 376.
40625pt>
File: ./Figures/ParallelMult_Structure-eps-converted-to.pdf Graphic file (type 
pdf)
 <use ./Figures/ParallelMult_Structure-eps-converted-to.pdf>
Package pdftex.def Info: ./Figures/ParallelMult_Structure-eps-converted-to.pdf 
used on input line 336.
(pdftex.def)             Requested size: 235.84328pt x 197.4152pt.
Package epstopdf Info: Source file: <./Figures/PartialProduct.eps>
(epstopdf)                    date: 2014-10-16 00:08:50
(epstopdf)                    size: 558555 bytes
(epstopdf)             Output file: <./Figures/PartialProduct-eps-converted-to.
pdf>
(epstopdf)                    date: 2014-10-16 17:04:04
(epstopdf)                    size: 33753 bytes
(epstopdf)             Command: <repstopdf --outfile=./Figures/PartialProduct-e
ps-converted-to.pdf ./Figures/PartialProduct.eps>
(epstopdf)             \includegraphics on input line 347.
Package epstopdf Info: Output file is already uptodate.

<./Figures/PartialProduct-eps-converted-to.pdf, id=153, 386.44376pt x 219.82124
pt>
File: ./Figures/PartialProduct-eps-converted-to.pdf Graphic file (type pdf)
 <use ./Figures/PartialProduct-eps-converted-to.pdf>
Package pdftex.def Info: ./Figures/PartialProduct-eps-converted-to.pdf used on 
input line 347.
(pdftex.def)             Requested size: 209.63669pt x 119.24843pt.


LaTeX Font Warning: Command \scriptsize invalid in math mode on input line 357.



LaTeX Font Warning: Command \normalsize invalid in math mode on input line 359.



LaTeX Font Warning: Command \scriptsize invalid in math mode on input line 363.



LaTeX Font Warning: Command \normalsize invalid in math mode on input line 365.


Package epstopdf Info: Source file: <./Figures/ParallelMult_MSDhalf.eps>
(epstopdf)                    date: 2014-10-16 00:08:50
(epstopdf)                    size: 517122 bytes
(epstopdf)             Output file: <./Figures/ParallelMult_MSDhalf-eps-convert
ed-to.pdf>
(epstopdf)                    date: 2014-10-16 17:18:08
(epstopdf)                    size: 51853 bytes
(epstopdf)             Command: <repstopdf --outfile=./Figures/ParallelMult_MSD
half-eps-converted-to.pdf ./Figures/ParallelMult_MSDhalf.eps>
(epstopdf)             \includegraphics on input line 375.
Package epstopdf Info: Output file is already uptodate.

<./Figures/ParallelMult_MSDhalf-eps-converted-to.pdf, id=154, 456.70625pt x 376
.40625pt>
File: ./Figures/ParallelMult_MSDhalf-eps-converted-to.pdf Graphic file (type pd
f)
 <use ./Figures/ParallelMult_MSDhalf-eps-converted-to.pdf>
Package pdftex.def Info: ./Figures/ParallelMult_MSDhalf-eps-converted-to.pdf us
ed on input line 375.
(pdftex.def)             Requested size: 235.84328pt x 194.3769pt.
 [6 <./Figures/ParallelMult_Structure-eps-converted-to.pdf> <./Figures/PartialP
roduct-eps-converted-to.pdf>]
Package epstopdf Info: Source file: <./Figures/Exp/OM_LUTslog.eps>
(epstopdf)                    date: 2014-06-15 17:38:16
(epstopdf)                    size: 12739 bytes
(epstopdf)             Output file: <./Figures/Exp/OM_LUTslog-eps-converted-to.
pdf>
(epstopdf)                    date: 2014-10-16 17:04:07
(epstopdf)                    size: 8289 bytes
(epstopdf)             Command: <repstopdf --outfile=./Figures/Exp/OM_LUTslog-e
ps-converted-to.pdf ./Figures/Exp/OM_LUTslog.eps>
(epstopdf)             \includegraphics on input line 398.
Package epstopdf Info: Output file is already uptodate.

<./Figures/Exp/OM_LUTslog-eps-converted-to.pdf, id=201, 421.575pt x 317.185pt>
File: ./Figures/Exp/OM_LUTslog-eps-converted-to.pdf Graphic file (type pdf)

<use ./Figures/Exp/OM_LUTslog-eps-converted-to.pdf>
Package pdftex.def Info: ./Figures/Exp/OM_LUTslog-eps-converted-to.pdf used on 
input line 398.
(pdftex.def)             Requested size: 234.01038pt x 176.06879pt.
Package epstopdf Info: Source file: <./Figures/Exp/OM_Slicelog.eps>
(epstopdf)                    date: 2014-06-15 17:38:16
(epstopdf)                    size: 13440 bytes
(epstopdf)             Output file: <./Figures/Exp/OM_Slicelog-eps-converted-to
.pdf>
(epstopdf)                    date: 2014-06-15 17:38:16
(epstopdf)                    size: 5144 bytes
(epstopdf)             Command: <repstopdf --outfile=./Figures/Exp/OM_Slicelog-
eps-converted-to.pdf ./Figures/Exp/OM_Slicelog.eps>
(epstopdf)             \includegraphics on input line 405.
Package epstopdf Info: Output file is already uptodate.

<./Figures/Exp/OM_Slicelog-eps-converted-to.pdf, id=202, 421.575pt x 317.185pt>
File: ./Figures/Exp/OM_Slicelog-eps-converted-to.pdf Graphic file (type pdf)
<use ./Figures/Exp/OM_Slicelog-eps-converted-to.pdf>
Package pdftex.def Info: ./Figures/Exp/OM_Slicelog-eps-converted-to.pdf used on
 input line 405.
(pdftex.def)             Requested size: 234.01038pt x 176.06879pt.
Package epstopdf Info: Source file: <./Figures/Exp/OM_Freq2.eps>
(epstopdf)                    date: 2014-10-05 17:31:34
(epstopdf)                    size: 10811 bytes
(epstopdf)             Output file: <./Figures/Exp/OM_Freq2-eps-converted-to.pd
f>
(epstopdf)                    date: 2014-10-05 17:31:34
(epstopdf)                    size: 4663 bytes
(epstopdf)             Command: <repstopdf --outfile=./Figures/Exp/OM_Freq2-eps
-converted-to.pdf ./Figures/Exp/OM_Freq2.eps>
(epstopdf)             \includegraphics on input line 418.
Package epstopdf Info: Output file is already uptodate.

<./Figures/Exp/OM_Freq2-eps-converted-to.pdf, id=203, 421.575pt x 317.185pt>
File: ./Figures/Exp/OM_Freq2-eps-converted-to.pdf Graphic file (type pdf)

<use ./Figures/Exp/OM_Freq2-eps-converted-to.pdf>
Package pdftex.def Info: ./Figures/Exp/OM_Freq2-eps-converted-to.pdf used on in
put line 418.
(pdftex.def)             Requested size: 251.56563pt x 189.27672pt.
 [7 <./Figures/ParallelMult_MSDhalf-eps-converted-to.pdf> <./Figures/Exp/OM_LUT
slog-eps-converted-to.pdf> <./Figures/Exp/OM_Slicelog-eps-converted-to.pdf> <./
Figures/Exp/OM_Freq2-eps-converted-to.pdf>]
Package epstopdf Info: Source file: <./Figures/Exp/MRE_PM.eps>
(epstopdf)                    date: 2014-06-15 17:38:16
(epstopdf)                    size: 18285 bytes
(epstopdf)             Output file: <./Figures/Exp/MRE_PM-eps-converted-to.pdf>

(epstopdf)                    date: 2014-06-15 17:38:16
(epstopdf)                    size: 11988 bytes
(epstopdf)             Command: <repstopdf --outfile=./Figures/Exp/MRE_PM-eps-c
onverted-to.pdf ./Figures/Exp/MRE_PM.eps>
(epstopdf)             \includegraphics on input line 436.
Package epstopdf Info: Output file is already uptodate.

<./Figures/Exp/MRE_PM-eps-converted-to.pdf, id=247, 421.575pt x 317.185pt>
File: ./Figures/Exp/MRE_PM-eps-converted-to.pdf Graphic file (type pdf)

<use ./Figures/Exp/MRE_PM-eps-converted-to.pdf>
Package pdftex.def Info: ./Figures/Exp/MRE_PM-eps-converted-to.pdf used on inpu
t line 436.
(pdftex.def)             Requested size: 251.56563pt x 189.27672pt.

Underfull \hbox (badness 10000) in paragraph at lines 458--459
[]\OT1/ptm/m/n/10 This work is sup-ported by the EP-SRC (Grants
 []

(./bare_conf.bbl)

** Conference Paper **
Before submitting the final camera ready copy, remember to:

 1. Manually equalize the lengths of two columns on the last page
 of your paper;

 2. Ensure that any PostScript and/or PDF output post-processing
 uses only Type 1 fonts and that every step in the generation
 process uses the appropriate paper size.

[8 <./Figures/Exp/MRE_PM-eps-converted-to.pdf>] (./bare_conf.aux) ) 
Here is how much of TeX's memory you used:
 4781 strings out of 493488
 74982 string characters out of 3141326
 136641 words of memory out of 3000000
 7971 multiletter control sequences out of 15000+200000
 44209 words of font info for 96 fonts, out of 3000000 for 9000
 960 hyphenation exceptions out of 8191
 38i,14n,38p,1670b,306s stack positions out of 5000i,500n,10000p,200000b,50000s
{/usr/local/
texlive/2012/texmf-dist/fonts/enc/dvips/base/8r.enc}</usr/local/texlive/2012/te
xmf-dist/fonts/type1/public/amsfonts/cm/cmex10.pfb></usr/local/texlive/2012/tex
mf-dist/fonts/type1/public/amsfonts/cm/cmmi10.pfb></usr/local/texlive/2012/texm
f-dist/fonts/type1/public/amsfonts/cm/cmmi6.pfb></usr/local/texlive/2012/texmf-
dist/fonts/type1/public/amsfonts/cm/cmmi7.pfb></usr/local/texlive/2012/texmf-di
st/fonts/type1/public/amsfonts/cm/cmmi8.pfb></usr/local/texlive/2012/texmf-dist
/fonts/type1/public/amsfonts/cm/cmmi9.pfb></usr/local/texlive/2012/texmf-dist/f
onts/type1/public/amsfonts/cm/cmr10.pfb></usr/local/texlive/2012/texmf-dist/fon
ts/type1/public/amsfonts/cm/cmr6.pfb></usr/local/texlive/2012/texmf-dist/fonts/
type1/public/amsfonts/cm/cmr7.pfb></usr/local/texlive/2012/texmf-dist/fonts/typ
e1/public/amsfonts/cm/cmr9.pfb></usr/local/texlive/2012/texmf-dist/fonts/type1/
public/amsfonts/cm/cmsy10.pfb></usr/local/texlive/2012/texmf-dist/fonts/type1/p
ublic/amsfonts/cm/cmsy7.pfb></usr/local/texlive/2012/texmf-dist/fonts/type1/pub
lic/amsfonts/cm/cmsy9.pfb></usr/local/texlive/2012/texmf-dist/fonts/type1/publi
c/amsfonts/symbols/msam10.pfb></usr/local/texlive/2012/texmf-dist/fonts/type1/u
rw/courier/ucrr8a.pfb></usr/local/texlive/2012/texmf-dist/fonts/type1/urw/times
/utmb8a.pfb></usr/local/texlive/2012/texmf-dist/fonts/type1/urw/times/utmbi8a.p
fb></usr/local/texlive/2012/texmf-dist/fonts/type1/urw/times/utmr8a.pfb></usr/l
ocal/texlive/2012/texmf-dist/fonts/type1/urw/times/utmri8a.pfb>
Output written on bare_conf.pdf (8 pages, 548056 bytes).
PDF statistics:
 319 PDF objects out of 1000 (max. 8388607)
 202 compressed objects within 3 object streams
 0 named destinations out of 1000 (max. 500000)
 81 words of extra memory for PDF output out of 10000 (max. 10000000)

